#
# A fatal error has been detected by the Java Runtime Environment:
#
#  SIGSEGV (0xb) at pc=0x0000717be1eb3e7a, pid=132025, tid=132172
#
# JRE version: OpenJDK Runtime Environment Temurin-21.0.7+6 (21.0.7+6) (build 21.0.7+6-LTS)
# Java VM: OpenJDK 64-Bit Server VM Temurin-21.0.7+6 (21.0.7+6-LTS, mixed mode, sharing, tiered, compressed oops, compressed class ptrs, parallel gc, linux-amd64)
# Problematic frame:
# V  [libjvm.so+0xcb3e7a]  ProjNode::bottom_type() const+0x1a
#
# Core dump will be written. Default location: Core dumps may be processed with "/usr/share/apport/apport -p%p -s%s -c%c -d%d -P%P -u%u -g%g -F%F -- %E" (or dumping to /home/herton/Documents/PROGRAMAÇÃO/Sistema-Juridico/core.132025)
#
# If you would like to submit a bug report, please visit:
#   https://github.com/adoptium/adoptium-support/issues
#

---------------  S U M M A R Y ------------

Command Line: --add-modules=ALL-SYSTEM --add-opens=java.base/java.util=ALL-UNNAMED --add-opens=java.base/java.lang=ALL-UNNAMED --add-opens=java.base/sun.nio.fs=ALL-UNNAMED -Declipse.application=org.eclipse.jdt.ls.core.id1 -Dosgi.bundles.defaultStartLevel=4 -Declipse.product=org.eclipse.jdt.ls.core.product -Djava.import.generatesMetadataFilesAtProjectRoot=false -DDetectVMInstallationsJob.disabled=true -Dfile.encoding=utf8 -XX:+UseParallelGC -XX:GCTimeRatio=4 -XX:AdaptiveSizePolicyWeight=90 -Dsun.zip.disableMemoryMapping=true -Xmx2G -Xms100m -Xlog:disable -javaagent:/home/herton/.vscode/extensions/redhat.java-1.43.0-linux-x64/lombok/lombok-1.18.39-4050.jar /home/herton/.vscode/extensions/redhat.java-1.43.0-linux-x64/server/plugins/org.eclipse.equinox.launcher_1.7.0.v20250519-0528.jar -configuration /home/herton/.config/Code/User/globalStorage/redhat.java/1.43.0/config_ss_linux -data /home/herton/.config/Code/User/workspaceStorage/865fa5a614d2fe68c6aa3495008eeb34/redhat.java/ss_ws --pipe=/run/user/1000/lsp-6368ce41dd2c35ce485a20120f607071.sock

Host: Intel(R) Core(TM) i3-6006U CPU @ 2.00GHz, 4 cores, 7G, Ubuntu 22.04.5 LTS
Time: Fri Jun 27 15:08:15 2025 -03 elapsed time: 22.834888 seconds (0d 0h 0m 22s)

---------------  T H R E A D  ---------------

Current thread (0x0000717b580b7310):  JavaThread "C2 CompilerThread1" daemon [_thread_in_native, id=132172, stack(0x0000717b7e2fd000,0x0000717b7e3fd000) (1024K)]


Current CompileTask:
C2:22835 6717       4       org.eclipse.jdt.internal.compiler.util.CharDeduplication::sharedCopyOfRange (190 bytes)

Stack: [0x0000717b7e2fd000,0x0000717b7e3fd000],  sp=0x0000717b7e3f86b0,  free space=1005k
Native frames: (J=compiled Java code, j=interpreted, Vv=VM code, C=native code)
V  [libjvm.so+0xcb3e7a]  ProjNode::bottom_type() const+0x1a
V  [libjvm.so+0xd5715a]  PhaseCCP::analyze()+0x2fa
V  [libjvm.so+0x66f8d0]  Compile::Optimize()+0x780
V  [libjvm.so+0x671876]  Compile::Compile(ciEnv*, ciMethod*, int, Options, DirectiveSet*)+0xf36
V  [libjvm.so+0x59865b]  C2Compiler::compile_method(ciEnv*, ciMethod*, int, bool, DirectiveSet*)+0x18b
V  [libjvm.so+0x677d0e]  CompileBroker::invoke_compiler_on_method(CompileTask*)+0xc9e
V  [libjvm.so+0x67b038]  CompileBroker::compiler_thread_loop()+0x738
V  [libjvm.so+0x928f78]  JavaThread::thread_main_inner()+0x1d8
V  [libjvm.so+0xf78c38]  Thread::call_run()+0xa8
V  [libjvm.so+0xd0487a]  thread_native_entry(Thread*)+0xda

siginfo: si_signo: 11 (SIGSEGV), si_code: 128 (SI_KERNEL), si_addr: 0x0000000000000000

Registers:
RAX=0x0000717b5803bd40, RBX=0x0000717b5803bd00, RCX=0x0000717b5803bcb8, RDX=0x0000717b5803bd48
RSP=0x0000717b7e3f86b0, RBP=0x0000717b7e3f86c0, RSI=0x0000717b7e3f8730, RDI=0x0400717b5803bd48
R8 =0x000000000421fbde, R9 =0x00000000f7e00820, R10=0x00000000843f7bc0, R11=0x0000000000000000
R12=0x0000717b7e3f8730, R13=0x0000717b5803bd00, R14=0x0000717b5803bd48, R15=0x0000717b7e3f93a0
RIP=0x0000717be1eb3e7a, EFLAGS=0x0000000000010206, CSGSFS=0x002b000000000033, ERR=0x0000000000000000
  TRAPNO=0x000000000000000d

XMM[0]=0x0000000000000000 0xfbbe04420460fb9f
XMM[1]=0x0000717b542879c8 0x0000717b542879c8
XMM[2]=0x0000717b5800a5a8 0x0000717b5800a5a8
XMM[3]=0x0000717b54281af0 0x0000000200000000
XMM[4]=0x0000000000000000 0x0000000000000000
XMM[5]=0x0000717b54287238 0x0000000800000005
XMM[6]=0x0000717b54283810 0x0000000400000004
XMM[7]=0x0000717b54281b70 0x0000000400000002
XMM[8]=0x0000717b54281b30 0x0000000200000000
XMM[9]=0x0000000000000000 0x0000000000000000
XMM[10]=0x0000000000000000 0x46293e5939a08cea
XMM[11]=0x0000000000000000 0x4376345785d8a000
XMM[12]=0x0000717b58156bf0 0x0000717b58156b90
XMM[13]=0x0000000000000000 0x0000717b58157070
XMM[14]=0x0000000000000000 0x0000717b58157130
XMM[15]=0x0000000000000000 0x0000717b581571f0
  MXCSR=0x00001fa2


Register to memory mapping:

RAX=0x0000717b5803bd40 points into unknown readable memory: 0x0400717b5803bd48 | 48 bd 03 58 7b 71 00 04
RBX=0x0000717b5803bd00 points into unknown readable memory: 0x0000717be26c3788 | 88 37 6c e2 7b 71 00 00
RCX=0x0000717b5803bcb8 points into unknown readable memory: 0x0000717be26c3860 | 60 38 6c e2 7b 71 00 00
RDX=0x0000717b5803bd48 points into unknown readable memory: 0x0000717be26c36a8 | a8 36 6c e2 7b 71 00 00
RSP=0x0000717b7e3f86b0 is pointing into the stack for thread: 0x0000717b580b7310
RBP=0x0000717b7e3f86c0 is pointing into the stack for thread: 0x0000717b580b7310
RSI=0x0000717b7e3f8730 is pointing into the stack for thread: 0x0000717b580b7310
RDI=0x0400717b5803bd48 is an unknown value
R8 =0x000000000421fbde is an unknown value
R9 =0x00000000f7e00820 is an unallocated location in the heap
R10=0x00000000843f7bc0 is an unallocated location in the heap
R11=0x0 is null
R12=0x0000717b7e3f8730 is pointing into the stack for thread: 0x0000717b580b7310
R13=0x0000717b5803bd00 points into unknown readable memory: 0x0000717be26c3788 | 88 37 6c e2 7b 71 00 00
R14=0x0000717b5803bd48 points into unknown readable memory: 0x0000717be26c36a8 | a8 36 6c e2 7b 71 00 00
R15=0x0000717b7e3f93a0 is pointing into the stack for thread: 0x0000717b580b7310

Top of Stack: (sp=0x0000717b7e3f86b0)
0x0000717b7e3f86b0:   0000717b5803bdc0 0000717b7e3f8730
0x0000717b7e3f86c0:   0000717b7e3f87b0 0000717be1f5715a
0x0000717b7e3f86d0:   0000717b20ecbad8 0000717b7e3f9d30
0x0000717b7e3f86e0:   0000717b7e3f8750 000001007e3faa60
0x0000717b7e3f86f0:   0000717b7e3f8700 0000717b5803bdc8
0x0000717b7e3f8700:   0000717b7e3f8707 0000717b58aed990
0x0000717b7e3f8710:   0000717b5555b630 0000717b5555c740
0x0000717b7e3f8720:   0000717b55563618 00000000000083b0
0x0000717b7e3f8730:   0000717b7e3f8700 0000717b00000200
0x0000717b7e3f8740:   0000717b5555b740 0000717b00000009
0x0000717b7e3f8750:   0000717b00000040 0000717b5555b640
0x0000717b7e3f8760:   0000000000000040 0000717b7e3f8700
0x0000717b7e3f8770:   0000717b00000007 0000717b7e3f93a0
0x0000717b7e3f8780:   0000717b7e3f87b0 0000717be231acf3
0x0000717b7e3f8790:   0000717b7e3faa60 0000717b5859e260
0x0000717b7e3f87a0:   0000717b7e3f8a30 0000717b7e3f93a0
0x0000717b7e3f87b0:   0000717b7e3f9d90 0000717be186f8d0
0x0000717b7e3f87c0:   0000000000028310 0000717b7e3faa60
0x0000717b7e3f87d0:   0000717b7e3f93a0 0000717b5859e260
0x0000717b7e3f87e0:   0000717b2095cf90 0000717b2095f2b0
0x0000717b7e3f87f0:   0000717b2095f2b0 0000717b7e3f8a30
0x0000717b7e3f8800:   0000717b7e3f88e0 0000717b0000000f
0x0000717b7e3f8810:   0000717bdc042f50 00000000000083b0
0x0000717b7e3f8820:   0000717b20ec40f0 0000717b20ec9958
0x0000717b7e3f8830:   0000717b20ec9958 0000717b7e3f8880
0x0000717b7e3f8840:   0000717b20ecc0d8 0000717b20ec40f0
0x0000717b7e3f8850:   0000717b5859e260 0000717b20ec40f0
0x0000717b7e3f8860:   0000717b20ec9958 0000717b20ecc0d8
0x0000717b7e3f8870:   00000000000083b0 0000717b7f056b30
0x0000717b7e3f8880:   0000717b7e3f0000 0000000000000000
0x0000717b7e3f8890:   0000717b7e3f88c0 0000717b7e3f8c00
0x0000717b7e3f88a0:   0000717b580b7310 0000717be231acd2 

Instructions: (pc=0x0000717be1eb3e7a)
0x0000717be1eb3d7a:   48 8b 57 08 03 02 c3 90 66 66 2e 0f 1f 84 00 00
0x0000717be1eb3d8a:   00 00 00 0f 1f 00 8b 56 34 31 c0 39 57 34 74 06
0x0000717be1eb3d9a:   c3 0f 1f 44 00 00 0f b6 47 38 38 46 38 0f 94 c0
0x0000717be1eb3daa:   c3 90 0f 1f 40 00 b8 40 00 00 00 c3 66 2e 0f 1f
0x0000717be1eb3dba:   84 00 00 00 00 00 8b 47 34 85 c0 75 11 48 8b 47
0x0000717be1eb3dca:   08 48 8b 38 48 8b 07 ff 60 10 0f 1f 40 00 31 c0
0x0000717be1eb3dda:   c3 90 0f 1f 40 00 48 8b 47 08 48 8b 38 48 8b 07
0x0000717be1eb3dea:   ff a0 b0 00 00 00 55 48 8b 07 48 89 e5 ff 50 28
0x0000717be1eb3dfa:   5d 48 63 40 10 48 c1 e0 05 48 03 05 ce f5 82 00
0x0000717be1eb3e0a:   8b 40 14 c3 66 90 55 48 89 e5 53 48 89 fb 48 83
0x0000717be1eb3e1a:   ec 08 48 8b 07 ff 50 28 48 8d 15 ef 83 8b 00 48
0x0000717be1eb3e2a:   39 02 75 22 48 8b 43 08 48 8b 38 48 85 ff 74 16
0x0000717be1eb3e3a:   48 8b 07 48 8b 5d f8 48 8b 40 30 c9 ff e0 0f 1f
0x0000717be1eb3e4a:   84 00 00 00 00 00 48 8b 5d f8 31 c0 c9 c3 0f 1f
0x0000717be1eb3e5a:   84 00 00 00 00 00 55 48 89 e5 41 54 53 48 8b 47
0x0000717be1eb3e6a:   08 48 89 fb 48 8b 38 48 85 ff 0f 84 b6 00 00 00
0x0000717be1eb3e7a:   48 8b 07 ff 50 28 48 8d 15 81 83 8b 00 4c 8b 22
0x0000717be1eb3e8a:   4c 39 e0 74 1f 48 8d 15 aa 83 8b 00 4c 8b 22 4c
0x0000717be1eb3e9a:   39 e0 74 10 8b 4b 34 48 8b 40 18 4c 8b 24 c8 83
0x0000717be1eb3eaa:   f9 05 74 12 4c 89 e0 5b 41 5c 5d c3 66 2e 0f 1f
0x0000717be1eb3eba:   84 00 00 00 00 00 48 8b 43 08 48 8b 10 8b 42 2c
0x0000717be1eb3eca:   83 e0 1f 83 f8 1f 75 dc f6 42 30 08 74 d6 48 8b
0x0000717be1eb3eda:   ba 88 00 00 00 48 85 ff 74 ca e8 27 a2 92 ff 84
0x0000717be1eb3eea:   c0 74 c1 48 8d 05 14 81 8b 00 49 8b 7c 24 08 ba
0x0000717be1eb3efa:   01 00 00 00 48 8b 00 48 8b 70 08 e8 66 ac 2d 00
0x0000717be1eb3f0a:   48 8d 15 af 8d ff ff 4c 8b 60 08 49 8b 04 24 48
0x0000717be1eb3f1a:   8b 80 88 00 00 00 48 39 d0 74 89 5b 4c 89 e7 41
0x0000717be1eb3f2a:   5c 5d ff e0 66 90 48 8d 05 d1 82 8b 00 5b 4c 8b
0x0000717be1eb3f3a:   20 4c 89 e0 41 5c 5d c3 66 66 2e 0f 1f 84 00 00
0x0000717be1eb3f4a:   00 00 00 0f 1f 00 55 48 89 e5 41 54 48 83 ec 08
0x0000717be1eb3f5a:   48 8b 47 08 48 8d 15 a3 82 8b 00 48 8b 00 4c 8b
0x0000717be1eb3f6a:   22 48 85 c0 74 34 48 8b 56 28 8b 48 28 48 8b 52 


Stack slot to memory mapping:

stack at sp + 0 slots: 0x0000717b5803bdc0 points into unknown readable memory: 0x0000717b5803bd00 | 00 bd 03 58 7b 71 00 00
stack at sp + 1 slots: 0x0000717b7e3f8730 is pointing into the stack for thread: 0x0000717b580b7310
stack at sp + 2 slots: 0x0000717b7e3f87b0 is pointing into the stack for thread: 0x0000717b580b7310
stack at sp + 3 slots: 0x0000717be1f5715a: <offset 0x0000000000d5715a> in /home/herton/.vscode/extensions/redhat.java-1.43.0-linux-x64/jre/21.0.7-linux-x86_64/lib/server/libjvm.so at 0x0000717be1200000
stack at sp + 4 slots: 0x0000717b20ecbad8 points into unknown readable memory: 0x0000004004004000 | 00 40 00 04 40 00 00 00
stack at sp + 5 slots: 0x0000717b7e3f9d30 is pointing into the stack for thread: 0x0000717b580b7310
stack at sp + 6 slots: 0x0000717b7e3f8750 is pointing into the stack for thread: 0x0000717b580b7310
stack at sp + 7 slots: 0x000001007e3faa60 is an unknown value


---------------  P R O C E S S  ---------------

Threads class SMR info:
_java_thread_list=0x0000717b10187a50, length=29, elements={
0x0000717bdc02a5d0, 0x0000717bdc0f1390, 0x0000717bdc0f27f0, 0x0000717bdc0f3e70,
0x0000717bdc0f5470, 0x0000717bdc0f69d0, 0x0000717bdc0f84d0, 0x0000717bdc0f9b50,
0x0000717bdc159cc0, 0x0000717bdc25ead0, 0x0000717bdc452c10, 0x0000717bdc46d720,
0x0000717bdc495900, 0x0000717bdc6ee7b0, 0x0000717b1c025c80, 0x0000717b1c2de5f0,
0x0000717b1c3c9bf0, 0x0000717b1c3d6e80, 0x0000717bdc21ac40, 0x0000717bdc6f5890,
0x0000717bdc6f69f0, 0x0000717b0812a4e0, 0x0000717b0812b790, 0x0000717b081313c0,
0x0000717b580b7310, 0x0000717b1005c2d0, 0x0000717b1016cdf0, 0x0000717b1016d900,
0x0000717b10186ef0
}

Java Threads: ( => current thread )
  0x0000717bdc02a5d0 JavaThread "main"                              [_thread_blocked, id=132039, stack(0x0000717be1019000,0x0000717be1119000) (1024K)]
  0x0000717bdc0f1390 JavaThread "Reference Handler"          daemon [_thread_blocked, id=132051, stack(0x0000717bc8ff3000,0x0000717bc90f3000) (1024K)]
  0x0000717bdc0f27f0 JavaThread "Finalizer"                  daemon [_thread_blocked, id=132053, stack(0x0000717bc8900000,0x0000717bc8a00000) (1024K)]
  0x0000717bdc0f3e70 JavaThread "Signal Dispatcher"          daemon [_thread_blocked, id=132056, stack(0x0000717bc8800000,0x0000717bc8900000) (1024K)]
  0x0000717bdc0f5470 JavaThread "Service Thread"             daemon [_thread_blocked, id=132058, stack(0x0000717bc8700000,0x0000717bc8800000) (1024K)]
  0x0000717bdc0f69d0 JavaThread "Monitor Deflation Thread"   daemon [_thread_blocked, id=132059, stack(0x0000717bc8600000,0x0000717bc8700000) (1024K)]
  0x0000717bdc0f84d0 JavaThread "C2 CompilerThread0"         daemon [_thread_in_native, id=132060, stack(0x0000717bc8500000,0x0000717bc8600000) (1024K)]
  0x0000717bdc0f9b50 JavaThread "C1 CompilerThread0"         daemon [_thread_blocked, id=132061, stack(0x0000717bc8400000,0x0000717bc8500000) (1024K)]
  0x0000717bdc159cc0 JavaThread "Common-Cleaner"             daemon [_thread_blocked, id=132062, stack(0x0000717bc8300000,0x0000717bc8400000) (1024K)]
  0x0000717bdc25ead0 JavaThread "Notification Thread"        daemon [_thread_blocked, id=132071, stack(0x0000717bc8100000,0x0000717bc8200000) (1024K)]
  0x0000717bdc452c10 JavaThread "Active Thread: Equinox Container: 84dfc63c-dfc0-4228-a37b-71e800eeac06"        [_thread_blocked, id=132122, stack(0x0000717b7e8fd000,0x0000717b7e9fd000) (1024K)]
  0x0000717bdc46d720 JavaThread "Framework Event Dispatcher: Equinox Container: 84dfc63c-dfc0-4228-a37b-71e800eeac06" daemon [_thread_blocked, id=132123, stack(0x0000717b7e7fd000,0x0000717b7e8fd000) (1024K)]
  0x0000717bdc495900 JavaThread "Start Level: Equinox Container: 84dfc63c-dfc0-4228-a37b-71e800eeac06" daemon [_thread_blocked, id=132124, stack(0x0000717b7e6fd000,0x0000717b7e7fd000) (1024K)]
  0x0000717bdc6ee7b0 JavaThread "Refresh Thread: Equinox Container: 84dfc63c-dfc0-4228-a37b-71e800eeac06" daemon [_thread_blocked, id=132129, stack(0x0000717bc8200000,0x0000717bc8300000) (1024K)]
  0x0000717b1c025c80 JavaThread "SCR Component Actor"        daemon [_thread_blocked, id=132134, stack(0x0000717b7e4fd000,0x0000717b7e5fd000) (1024K)]
  0x0000717b1c2de5f0 JavaThread "Worker-JM"                         [_thread_blocked, id=132144, stack(0x0000717b7e3fd000,0x0000717b7e4fd000) (1024K)]
  0x0000717b1c3c9bf0 JavaThread "Worker-0: Building"                [_thread_blocked, id=132146, stack(0x0000717b7e1fd000,0x0000717b7e2fd000) (1024K)]
  0x0000717b1c3d6e80 JavaThread "Worker-1"                          [_thread_blocked, id=132147, stack(0x0000717b7e0fd000,0x0000717b7e1fd000) (1024K)]
  0x0000717bdc21ac40 JavaThread "pool-2-thread-1"                   [_thread_blocked, id=132156, stack(0x0000717b7dffd000,0x0000717b7e0fd000) (1024K)]
  0x0000717bdc6f5890 JavaThread "WorkspaceEventsHandler"            [_thread_blocked, id=132158, stack(0x0000717b7defd000,0x0000717b7dffd000) (1024K)]
  0x0000717bdc6f69f0 JavaThread "pool-1-thread-1"                   [_thread_in_native, id=132159, stack(0x0000717b7ddfd000,0x0000717b7defd000) (1024K)]
  0x0000717b0812a4e0 JavaThread "ForkJoinPool.commonPool-worker-1" daemon [_thread_blocked, id=132165, stack(0x0000717b7dcfd000,0x0000717b7ddfd000) (1024K)]
  0x0000717b0812b790 JavaThread "ForkJoinPool.commonPool-worker-2" daemon [_thread_blocked, id=132166, stack(0x0000717b7dbfd000,0x0000717b7dcfd000) (1024K)]
  0x0000717b081313c0 JavaThread "ForkJoinPool.commonPool-worker-3" daemon [_thread_blocked, id=132167, stack(0x0000717b7dafd000,0x0000717b7dbfd000) (1024K)]
=>0x0000717b580b7310 JavaThread "C2 CompilerThread1"         daemon [_thread_in_native, id=132172, stack(0x0000717b7e2fd000,0x0000717b7e3fd000) (1024K)]
  0x0000717b1005c2d0 JavaThread "Worker-2"                          [_thread_blocked, id=132173, stack(0x0000717b7e5fd000,0x0000717b7e6fd000) (1024K)]
  0x0000717b1016cdf0 JavaThread "Compiler Source File Reader" daemon [_thread_blocked, id=132191, stack(0x0000717bc8000000,0x0000717bc8100000) (1024K)]
  0x0000717b1016d900 JavaThread "Compiler Source File Reader" daemon [_thread_blocked, id=132192, stack(0x0000717b7ebfd000,0x0000717b7ecfd000) (1024K)]
  0x0000717b10186ef0 JavaThread "Compiler Processing Task"   daemon [_thread_in_vm, id=132193, stack(0x0000717b7e9fd000,0x0000717b7eafd000) (1024K)]
Total: 29

Other Threads:
  0x0000717bdc0e7a90 VMThread "VM Thread"                           [id=132046, stack(0x0000717bc90f4000,0x0000717bc91f4000) (1024K)] _threads_hazard_ptr=0x0000717b10187a50
  0x0000717bdc051eb0 WatcherThread "VM Periodic Task Thread"        [id=132044, stack(0x0000717be007f000,0x0000717be017f000) (1024K)]
  0x0000717bdc042ff0 WorkerThread "GC Thread#0"                     [id=132041, stack(0x0000717be0942000,0x0000717be0a42000) (1024K)]
  0x0000717b6c001610 WorkerThread "GC Thread#1"                     [id=132075, stack(0x0000717b7ef00000,0x0000717b7f000000) (1024K)]
  0x0000717b6c003510 WorkerThread "GC Thread#2"                     [id=132076, stack(0x0000717b7edff000,0x0000717b7eeff000) (1024K)]
  0x0000717b6c003f20 WorkerThread "GC Thread#3"                     [id=132077, stack(0x0000717b7ecfe000,0x0000717b7edfe000) (1024K)]
Total: 6

Threads with active compile tasks:
C2 CompilerThread0  22967 5960 %     4       org.eclipse.jdt.internal.compiler.lookup.BinaryTypeBinding::createMethod @ 183 (1666 bytes)
C1 CompilerThread0  22973 6799       1       org.eclipse.jdt.internal.core.Annotation::getElementName (5 bytes)
C2 CompilerThread1  22973 6717       4       org.eclipse.jdt.internal.compiler.util.CharDeduplication::sharedCopyOfRange (190 bytes)
Total: 3

VM state: synchronizing (normal execution)

VM Mutex/Monitor currently owned by a thread:  ([mutex/lock_event])
[0x0000717be2745cd0] Threads_lock - owner thread: 0x0000717bdc0e7a90
[0x0000717be2745bd0] Heap_lock - owner thread: 0x0000717b081313c0

Heap address: 0x0000000080000000, size: 2048 MB, Compressed Oops mode: 32-bit

CDS archive(s) mapped at: [0x0000717b7f000000-0x0000717b7fbb6000-0x0000717b7fbb6000), size 12279808, SharedBaseAddress: 0x0000717b7f000000, ArchiveRelocationMode: 1.
Compressed class space mapped at: 0x0000717b80000000-0x0000717bc0000000, reserved size: 1073741824
Narrow klass base: 0x0000717b7f000000, Narrow klass shift: 0, Narrow klass range: 0x100000000

GC Precious Log:
 CardTable entry size: 512
 CPUs: 4 total, 4 available
 Memory: 7816M
 Large Page Support: Disabled
 NUMA Support: Disabled
 Compressed Oops: Enabled (32-bit)
 Alignments: Space 512K, Generation 512K, Heap 2M
 Heap Min Capacity: 100M
 Heap Initial Capacity: 100M
 Heap Max Capacity: 2G
 Pre-touch: Disabled
 Parallel Workers: 4

Heap:
 PSYoungGen      total 22528K, used 22094K [0x00000000d5580000, 0x00000000d6f80000, 0x0000000100000000)
  eden space 19968K, 100% used [0x00000000d5580000,0x00000000d6900000,0x00000000d6900000)
  from space 2560K, 83% used [0x00000000d6d00000,0x00000000d6f13b50,0x00000000d6f80000)
  to   space 3072K, 0% used [0x00000000d6980000,0x00000000d6980000,0x00000000d6c80000)
 ParOldGen       total 68608K, used 40223K [0x0000000080000000, 0x0000000084300000, 0x00000000d5580000)
  object space 68608K, 58% used [0x0000000080000000,0x0000000082747d28,0x0000000084300000)
 Metaspace       used 44441K, committed 45504K, reserved 1114112K
  class space    used 4388K, committed 4864K, reserved 1048576K

Card table byte_map: [0x0000717be0a42000,0x0000717be0e43000] _byte_map_base: 0x0000717be0642000

Marking Bits: (ParMarkBitMap*) 0x0000717be274bea0
 Begin Bits: [0x0000717bc0000000, 0x0000717bc2000000)
 End Bits:   [0x0000717bc2000000, 0x0000717bc4000000)

Polling page: 0x0000717be2aaa000

Metaspace:

Usage:
  Non-class:     39.11 MB used.
      Class:      4.29 MB used.
       Both:     43.40 MB used.

Virtual space:
  Non-class space:       64.00 MB reserved,      39.69 MB ( 62%) committed,  1 nodes.
      Class space:        1.00 GB reserved,       4.75 MB ( <1%) committed,  1 nodes.
             Both:        1.06 GB reserved,      44.44 MB (  4%) committed. 

Chunk freelists:
   Non-Class:  8.35 MB
       Class:  11.21 MB
        Both:  19.56 MB

MaxMetaspaceSize: unlimited
CompressedClassSpaceSize: 1.00 GB
Initial GC threshold: 21.00 MB
Current GC threshold: 58.38 MB
CDS: on
 - commit_granule_bytes: 65536.
 - commit_granule_words: 8192.
 - virtual_space_node_default_size: 8388608.
 - enlarge_chunks_in_place: 1.
 - use_allocation_guard: 0.


Internal statistics:

num_allocs_failed_limit: 6.
num_arena_births: 854.
num_arena_deaths: 14.
num_vsnodes_births: 2.
num_vsnodes_deaths: 0.
num_space_committed: 711.
num_space_uncommitted: 0.
num_chunks_returned_to_freelist: 20.
num_chunks_taken_from_freelist: 2753.
num_chunk_merges: 10.
num_chunk_splits: 1737.
num_chunks_enlarged: 1057.
num_inconsistent_stats: 0.

CodeHeap 'non-profiled nmethods': size=120032Kb used=3118Kb max_used=3118Kb free=116914Kb
 bounds [0x0000717bd18c8000, 0x0000717bd1bd8000, 0x0000717bd8e00000]
CodeHeap 'profiled nmethods': size=120028Kb used=13019Kb max_used=13019Kb free=107008Kb
 bounds [0x0000717bc9e00000, 0x0000717bcaac0000, 0x0000717bd1337000]
CodeHeap 'non-nmethods': size=5700Kb used=1387Kb max_used=1464Kb free=4313Kb
 bounds [0x0000717bd1337000, 0x0000717bd15a7000, 0x0000717bd18c8000]
 total_blobs=6760 nmethods=6057 adapters=610
 compilation: enabled
              stopped_count=0, restarted_count=0
 full_count=0

Compilation events (20 events):
Event: 22.627 Thread 0x0000717bdc0f9b50 6715       2       org.eclipse.jdt.internal.compiler.lookup.TypeBinding::hasNullTypeAnnotations (17 bytes)
Event: 22.627 Thread 0x0000717bdc0f9b50 nmethod 6715 0x0000717bcaa90490 code [0x0000717bcaa90620, 0x0000717bcaa90768]
Event: 22.627 Thread 0x0000717bdc0f9b50 6724       2       org.eclipse.jdt.internal.compiler.lookup.BinaryTypeBinding::resolveType (207 bytes)
Event: 22.628 Thread 0x0000717bdc0f9b50 nmethod 6724 0x0000717bcaa90810 code [0x0000717bcaa90a80, 0x0000717bcaa91150]
Event: 22.628 Thread 0x0000717bdc0f9b50 6716       2       org.eclipse.jdt.internal.compiler.lookup.TypeSystem::getArrayType (7 bytes)
Event: 22.628 Thread 0x0000717bdc0f9b50 nmethod 6716 0x0000717bcaa91510 code [0x0000717bcaa916c0, 0x0000717bcaa917e8]
Event: 22.628 Thread 0x0000717bdc0f9b50 6694       1       org.eclipse.jdt.internal.compiler.lookup.WildcardBinding::additionalBounds (5 bytes)
Event: 22.628 Thread 0x0000717bdc0f9b50 nmethod 6694 0x0000717bd1bd1710 code [0x0000717bd1bd18a0, 0x0000717bd1bd1960]
Event: 22.628 Thread 0x0000717bdc0f9b50 6706       2       org.eclipse.jdt.internal.compiler.env.ITypeAnnotationWalker$1::toField (2 bytes)
Event: 22.628 Thread 0x0000717bdc0f9b50 nmethod 6706 0x0000717bcaa91890 code [0x0000717bcaa91a20, 0x0000717bcaa91b20]
Event: 22.628 Thread 0x0000717bdc0f9b50 6707       2       org.eclipse.jdt.internal.compiler.lookup.BinaryTypeBinding$1::createBinding (8 bytes)
Event: 22.628 Thread 0x0000717bdc0f9b50 nmethod 6707 0x0000717bcaa91b90 code [0x0000717bcaa91d20, 0x0000717bcaa91e40]
Event: 22.628 Thread 0x0000717bdc0f9b50 6708       2       org.eclipse.jdt.internal.compiler.lookup.BinaryTypeBinding$1::createBinding (31 bytes)
Event: 22.629 Thread 0x0000717bdc0f9b50 nmethod 6708 0x0000717bcaa91f10 code [0x0000717bcaa92100, 0x0000717bcaa92480]
Event: 22.629 Thread 0x0000717bdc0f9b50 6709       2       org.eclipse.jdt.internal.compiler.classfmt.FieldInfo::getModifiers (26 bytes)
Event: 22.629 Thread 0x0000717bdc0f9b50 nmethod 6709 0x0000717bcaa92710 code [0x0000717bcaa928c0, 0x0000717bcaa92a68]
Event: 22.629 Thread 0x0000717bdc0f9b50 6710       2       org.eclipse.jdt.internal.compiler.classfmt.FieldInfo::getConstant (16 bytes)
Event: 22.630 Thread 0x0000717bdc0f9b50 nmethod 6710 0x0000717bcaa92b90 code [0x0000717bcaa92d20, 0x0000717bcaa92e60]
Event: 22.630 Thread 0x0000717bdc0f9b50 6711       2       org.eclipse.jdt.internal.compiler.classfmt.FieldInfo::getGenericSignature (49 bytes)
Event: 22.630 Thread 0x0000717bdc0f9b50 nmethod 6711 0x0000717bcaa92f10 code [0x0000717bcaa930e0, 0x0000717bcaa93360]

GC Heap History (20 events):
Event: 18.012 GC heap before
{Heap before GC invocations=19 (full 2):
 PSYoungGen      total 23040K, used 23008K [0x00000000d5580000, 0x00000000d7100000, 0x0000000100000000)
  eden space 22016K, 100% used [0x00000000d5580000,0x00000000d6b00000,0x00000000d6b00000)
  from space 1024K, 96% used [0x00000000d6e80000,0x00000000d6f78010,0x00000000d6f80000)
  to   space 3072K, 0% used [0x00000000d6b00000,0x00000000d6b00000,0x00000000d6e00000)
 ParOldGen       total 68608K, used 19504K [0x0000000080000000, 0x0000000084300000, 0x00000000d5580000)
  object space 68608K, 28% used [0x0000000080000000,0x000000008130c160,0x0000000084300000)
 Metaspace       used 40023K, committed 41024K, reserved 1114112K
  class space    used 3926K, committed 4352K, reserved 1048576K
}
Event: 18.025 GC heap after
{Heap after GC invocations=19 (full 2):
 PSYoungGen      total 24576K, used 2481K [0x00000000d5580000, 0x00000000d7000000, 0x0000000100000000)
  eden space 22016K, 0% used [0x00000000d5580000,0x00000000d5580000,0x00000000d6b00000)
  from space 2560K, 96% used [0x00000000d6b00000,0x00000000d6d6c460,0x00000000d6d80000)
  to   space 2560K, 0% used [0x00000000d6d80000,0x00000000d6d80000,0x00000000d7000000)
 ParOldGen       total 68608K, used 20480K [0x0000000080000000, 0x0000000084300000, 0x00000000d5580000)
  object space 68608K, 29% used [0x0000000080000000,0x0000000081400160,0x0000000084300000)
 Metaspace       used 40023K, committed 41024K, reserved 1114112K
  class space    used 3926K, committed 4352K, reserved 1048576K
}
Event: 18.221 GC heap before
{Heap before GC invocations=20 (full 2):
 PSYoungGen      total 24576K, used 24497K [0x00000000d5580000, 0x00000000d7000000, 0x0000000100000000)
  eden space 22016K, 100% used [0x00000000d5580000,0x00000000d6b00000,0x00000000d6b00000)
  from space 2560K, 96% used [0x00000000d6b00000,0x00000000d6d6c460,0x00000000d6d80000)
  to   space 2560K, 0% used [0x00000000d6d80000,0x00000000d6d80000,0x00000000d7000000)
 ParOldGen       total 68608K, used 20480K [0x0000000080000000, 0x0000000084300000, 0x00000000d5580000)
  object space 68608K, 29% used [0x0000000080000000,0x0000000081400160,0x0000000084300000)
 Metaspace       used 40030K, committed 41024K, reserved 1114112K
  class space    used 3926K, committed 4352K, reserved 1048576K
}
Event: 18.230 GC heap after
{Heap after GC invocations=20 (full 2):
 PSYoungGen      total 24576K, used 2274K [0x00000000d5580000, 0x00000000d7000000, 0x0000000100000000)
  eden space 22016K, 0% used [0x00000000d5580000,0x00000000d5580000,0x00000000d6b00000)
  from space 2560K, 88% used [0x00000000d6d80000,0x00000000d6fb8810,0x00000000d7000000)
  to   space 2560K, 0% used [0x00000000d6b00000,0x00000000d6b00000,0x00000000d6d80000)
 ParOldGen       total 68608K, used 22758K [0x0000000080000000, 0x0000000084300000, 0x00000000d5580000)
  object space 68608K, 33% used [0x0000000080000000,0x0000000081639840,0x0000000084300000)
 Metaspace       used 40030K, committed 41024K, reserved 1114112K
  class space    used 3926K, committed 4352K, reserved 1048576K
}
Event: 18.506 GC heap before
{Heap before GC invocations=21 (full 2):
 PSYoungGen      total 24576K, used 24290K [0x00000000d5580000, 0x00000000d7000000, 0x0000000100000000)
  eden space 22016K, 100% used [0x00000000d5580000,0x00000000d6b00000,0x00000000d6b00000)
  from space 2560K, 88% used [0x00000000d6d80000,0x00000000d6fb8810,0x00000000d7000000)
  to   space 2560K, 0% used [0x00000000d6b00000,0x00000000d6b00000,0x00000000d6d80000)
 ParOldGen       total 68608K, used 22758K [0x0000000080000000, 0x0000000084300000, 0x00000000d5580000)
  object space 68608K, 33% used [0x0000000080000000,0x0000000081639840,0x0000000084300000)
 Metaspace       used 40047K, committed 41024K, reserved 1114112K
  class space    used 3926K, committed 4352K, reserved 1048576K
}
Event: 18.534 GC heap after
{Heap after GC invocations=21 (full 2):
 PSYoungGen      total 24576K, used 2020K [0x00000000d5580000, 0x00000000d7000000, 0x0000000100000000)
  eden space 22016K, 0% used [0x00000000d5580000,0x00000000d5580000,0x00000000d6b00000)
  from space 2560K, 78% used [0x00000000d6b00000,0x00000000d6cf9000,0x00000000d6d80000)
  to   space 2560K, 0% used [0x00000000d6d80000,0x00000000d6d80000,0x00000000d7000000)
 ParOldGen       total 68608K, used 24870K [0x0000000080000000, 0x0000000084300000, 0x00000000d5580000)
  object space 68608K, 36% used [0x0000000080000000,0x0000000081849850,0x0000000084300000)
 Metaspace       used 40047K, committed 41024K, reserved 1114112K
  class space    used 3926K, committed 4352K, reserved 1048576K
}
Event: 18.734 GC heap before
{Heap before GC invocations=22 (full 2):
 PSYoungGen      total 24576K, used 24036K [0x00000000d5580000, 0x00000000d7000000, 0x0000000100000000)
  eden space 22016K, 100% used [0x00000000d5580000,0x00000000d6b00000,0x00000000d6b00000)
  from space 2560K, 78% used [0x00000000d6b00000,0x00000000d6cf9000,0x00000000d6d80000)
  to   space 2560K, 0% used [0x00000000d6d80000,0x00000000d6d80000,0x00000000d7000000)
 ParOldGen       total 68608K, used 24870K [0x0000000080000000, 0x0000000084300000, 0x00000000d5580000)
  object space 68608K, 36% used [0x0000000080000000,0x0000000081849850,0x0000000084300000)
 Metaspace       used 40055K, committed 41088K, reserved 1114112K
  class space    used 3926K, committed 4352K, reserved 1048576K
}
Event: 18.757 GC heap after
{Heap after GC invocations=22 (full 2):
 PSYoungGen      total 23552K, used 1504K [0x00000000d5580000, 0x00000000d6f00000, 0x0000000100000000)
  eden space 22016K, 0% used [0x00000000d5580000,0x00000000d5580000,0x00000000d6b00000)
  from space 1536K, 97% used [0x00000000d6d80000,0x00000000d6ef8000,0x00000000d6f00000)
  to   space 2048K, 0% used [0x00000000d6b00000,0x00000000d6b00000,0x00000000d6d00000)
 ParOldGen       total 68608K, used 26822K [0x0000000080000000, 0x0000000084300000, 0x00000000d5580000)
  object space 68608K, 39% used [0x0000000080000000,0x0000000081a31950,0x0000000084300000)
 Metaspace       used 40055K, committed 41088K, reserved 1114112K
  class space    used 3926K, committed 4352K, reserved 1048576K
}
Event: 19.034 GC heap before
{Heap before GC invocations=23 (full 2):
 PSYoungGen      total 23552K, used 23519K [0x00000000d5580000, 0x00000000d6f00000, 0x0000000100000000)
  eden space 22016K, 99% used [0x00000000d5580000,0x00000000d6afffe8,0x00000000d6b00000)
  from space 1536K, 97% used [0x00000000d6d80000,0x00000000d6ef8000,0x00000000d6f00000)
  to   space 2048K, 0% used [0x00000000d6b00000,0x00000000d6b00000,0x00000000d6d00000)
 ParOldGen       total 68608K, used 26822K [0x0000000080000000, 0x0000000084300000, 0x00000000d5580000)
  object space 68608K, 39% used [0x0000000080000000,0x0000000081a31950,0x0000000084300000)
 Metaspace       used 40107K, committed 41152K, reserved 1114112K
  class space    used 3926K, committed 4352K, reserved 1048576K
}
Event: 19.059 GC heap after
{Heap after GC invocations=23 (full 2):
 PSYoungGen      total 24064K, used 2016K [0x00000000d5580000, 0x00000000d7300000, 0x0000000100000000)
  eden space 22016K, 0% used [0x00000000d5580000,0x00000000d5580000,0x00000000d6b00000)
  from space 2048K, 98% used [0x00000000d6b00000,0x00000000d6cf8010,0x00000000d6d00000)
  to   space 4096K, 0% used [0x00000000d6f00000,0x00000000d6f00000,0x00000000d7300000)
 ParOldGen       total 68608K, used 28286K [0x0000000080000000, 0x0000000084300000, 0x00000000d5580000)
  object space 68608K, 41% used [0x0000000080000000,0x0000000081b9f950,0x0000000084300000)
 Metaspace       used 40107K, committed 41152K, reserved 1114112K
  class space    used 3926K, committed 4352K, reserved 1048576K
}
Event: 19.241 GC heap before
{Heap before GC invocations=24 (full 2):
 PSYoungGen      total 24064K, used 24032K [0x00000000d5580000, 0x00000000d7300000, 0x0000000100000000)
  eden space 22016K, 100% used [0x00000000d5580000,0x00000000d6b00000,0x00000000d6b00000)
  from space 2048K, 98% used [0x00000000d6b00000,0x00000000d6cf8010,0x00000000d6d00000)
  to   space 4096K, 0% used [0x00000000d6f00000,0x00000000d6f00000,0x00000000d7300000)
 ParOldGen       total 68608K, used 28286K [0x0000000080000000, 0x0000000084300000, 0x00000000d5580000)
  object space 68608K, 41% used [0x0000000080000000,0x0000000081b9f950,0x0000000084300000)
 Metaspace       used 40118K, committed 41152K, reserved 1114112K
  class space    used 3926K, committed 4352K, reserved 1048576K
}
Event: 19.265 GC heap after
{Heap after GC invocations=24 (full 2):
 PSYoungGen      total 24064K, used 1867K [0x00000000d5580000, 0x00000000d7100000, 0x0000000100000000)
  eden space 22016K, 0% used [0x00000000d5580000,0x00000000d5580000,0x00000000d6b00000)
  from space 2048K, 91% used [0x00000000d6f00000,0x00000000d70d2d18,0x00000000d7100000)
  to   space 2560K, 0% used [0x00000000d6c00000,0x00000000d6c00000,0x00000000d6e80000)
 ParOldGen       total 68608K, used 30250K [0x0000000080000000, 0x0000000084300000, 0x00000000d5580000)
  object space 68608K, 44% used [0x0000000080000000,0x0000000081d8aa58,0x0000000084300000)
 Metaspace       used 40118K, committed 41152K, reserved 1114112K
  class space    used 3926K, committed 4352K, reserved 1048576K
}
Event: 19.487 GC heap before
{Heap before GC invocations=25 (full 2):
 PSYoungGen      total 24064K, used 23883K [0x00000000d5580000, 0x00000000d7100000, 0x0000000100000000)
  eden space 22016K, 100% used [0x00000000d5580000,0x00000000d6b00000,0x00000000d6b00000)
  from space 2048K, 91% used [0x00000000d6f00000,0x00000000d70d2d18,0x00000000d7100000)
  to   space 2560K, 0% used [0x00000000d6c00000,0x00000000d6c00000,0x00000000d6e80000)
 ParOldGen       total 68608K, used 30250K [0x0000000080000000, 0x0000000084300000, 0x00000000d5580000)
  object space 68608K, 44% used [0x0000000080000000,0x0000000081d8aa58,0x0000000084300000)
 Metaspace       used 40231K, committed 41216K, reserved 1114112K
  class space    used 3929K, committed 4352K, reserved 1048576K
}
Event: 19.499 GC heap after
{Heap after GC invocations=25 (full 2):
 PSYoungGen      total 24576K, used 2381K [0x00000000d5580000, 0x00000000d7000000, 0x0000000100000000)
  eden space 22016K, 0% used [0x00000000d5580000,0x00000000d5580000,0x00000000d6b00000)
  from space 2560K, 93% used [0x00000000d6c00000,0x00000000d6e53630,0x00000000d6e80000)
  to   space 1536K, 0% used [0x00000000d6e80000,0x00000000d6e80000,0x00000000d7000000)
 ParOldGen       total 68608K, used 32051K [0x0000000080000000, 0x0000000084300000, 0x00000000d5580000)
  object space 68608K, 46% used [0x0000000080000000,0x0000000081f4cc58,0x0000000084300000)
 Metaspace       used 40231K, committed 41216K, reserved 1114112K
  class space    used 3929K, committed 4352K, reserved 1048576K
}
Event: 20.285 GC heap before
{Heap before GC invocations=26 (full 2):
 PSYoungGen      total 24576K, used 24397K [0x00000000d5580000, 0x00000000d7000000, 0x0000000100000000)
  eden space 22016K, 100% used [0x00000000d5580000,0x00000000d6b00000,0x00000000d6b00000)
  from space 2560K, 93% used [0x00000000d6c00000,0x00000000d6e53630,0x00000000d6e80000)
  to   space 1536K, 0% used [0x00000000d6e80000,0x00000000d6e80000,0x00000000d7000000)
 ParOldGen       total 68608K, used 32051K [0x0000000080000000, 0x0000000084300000, 0x00000000d5580000)
  object space 68608K, 46% used [0x0000000080000000,0x0000000081f4cc58,0x0000000084300000)
 Metaspace       used 41508K, committed 42496K, reserved 1114112K
  class space    used 4095K, committed 4544K, reserved 1048576K
}
Event: 20.319 GC heap after
{Heap after GC invocations=26 (full 2):
 PSYoungGen      total 21504K, used 1517K [0x00000000d5580000, 0x00000000d7600000, 0x0000000100000000)
  eden space 19968K, 0% used [0x00000000d5580000,0x00000000d5580000,0x00000000d6900000)
  from space 1536K, 98% used [0x00000000d6e80000,0x00000000d6ffb510,0x00000000d7000000)
  to   space 5632K, 0% used [0x00000000d6900000,0x00000000d6900000,0x00000000d6e80000)
 ParOldGen       total 68608K, used 35319K [0x0000000080000000, 0x0000000084300000, 0x00000000d5580000)
  object space 68608K, 51% used [0x0000000080000000,0x000000008227dd88,0x0000000084300000)
 Metaspace       used 41508K, committed 42496K, reserved 1114112K
  class space    used 4095K, committed 4544K, reserved 1048576K
}
Event: 21.176 GC heap before
{Heap before GC invocations=27 (full 2):
 PSYoungGen      total 21504K, used 21485K [0x00000000d5580000, 0x00000000d7600000, 0x0000000100000000)
  eden space 19968K, 100% used [0x00000000d5580000,0x00000000d6900000,0x00000000d6900000)
  from space 1536K, 98% used [0x00000000d6e80000,0x00000000d6ffb510,0x00000000d7000000)
  to   space 5632K, 0% used [0x00000000d6900000,0x00000000d6900000,0x00000000d6e80000)
 ParOldGen       total 68608K, used 35319K [0x0000000080000000, 0x0000000084300000, 0x00000000d5580000)
  object space 68608K, 51% used [0x0000000080000000,0x000000008227dd88,0x0000000084300000)
 Metaspace       used 42445K, committed 43456K, reserved 1114112K
  class space    used 4181K, committed 4608K, reserved 1048576K
}
Event: 21.195 GC heap after
{Heap after GC invocations=27 (full 2):
 PSYoungGen      total 23552K, used 3505K [0x00000000d5580000, 0x00000000d7100000, 0x0000000100000000)
  eden space 19968K, 0% used [0x00000000d5580000,0x00000000d5580000,0x00000000d6900000)
  from space 3584K, 97% used [0x00000000d6900000,0x00000000d6c6c450,0x00000000d6c80000)
  to   space 4096K, 0% used [0x00000000d6d00000,0x00000000d6d00000,0x00000000d7100000)
 ParOldGen       total 68608K, used 36826K [0x0000000080000000, 0x0000000084300000, 0x00000000d5580000)
  object space 68608K, 53% used [0x0000000080000000,0x00000000823f6bc0,0x0000000084300000)
 Metaspace       used 42445K, committed 43456K, reserved 1114112K
  class space    used 4181K, committed 4608K, reserved 1048576K
}
Event: 21.928 GC heap before
{Heap before GC invocations=28 (full 2):
 PSYoungGen      total 23552K, used 23473K [0x00000000d5580000, 0x00000000d7100000, 0x0000000100000000)
  eden space 19968K, 100% used [0x00000000d5580000,0x00000000d6900000,0x00000000d6900000)
  from space 3584K, 97% used [0x00000000d6900000,0x00000000d6c6c450,0x00000000d6c80000)
  to   space 4096K, 0% used [0x00000000d6d00000,0x00000000d6d00000,0x00000000d7100000)
 ParOldGen       total 68608K, used 36826K [0x0000000080000000, 0x0000000084300000, 0x00000000d5580000)
  object space 68608K, 53% used [0x0000000080000000,0x00000000823f6bc0,0x0000000084300000)
 Metaspace       used 43663K, committed 44736K, reserved 1114112K
  class space    used 4307K, committed 4800K, reserved 1048576K
}
Event: 21.958 GC heap after
{Heap after GC invocations=28 (full 2):
 PSYoungGen      total 22528K, used 2126K [0x00000000d5580000, 0x00000000d6f80000, 0x0000000100000000)
  eden space 19968K, 0% used [0x00000000d5580000,0x00000000d5580000,0x00000000d6900000)
  from space 2560K, 83% used [0x00000000d6d00000,0x00000000d6f13b50,0x00000000d6f80000)
  to   space 3072K, 0% used [0x00000000d6980000,0x00000000d6980000,0x00000000d6c80000)
 ParOldGen       total 68608K, used 40223K [0x0000000080000000, 0x0000000084300000, 0x00000000d5580000)
  object space 68608K, 58% used [0x0000000080000000,0x0000000082747d28,0x0000000084300000)
 Metaspace       used 43663K, committed 44736K, reserved 1114112K
  class space    used 4307K, committed 4800K, reserved 1048576K
}

Dll operation events (11 events):
Event: 0.224 Loaded shared library /home/herton/.vscode/extensions/redhat.java-1.43.0-linux-x64/jre/21.0.7-linux-x86_64/lib/libjava.so
Event: 0.796 Loaded shared library /home/herton/.vscode/extensions/redhat.java-1.43.0-linux-x64/jre/21.0.7-linux-x86_64/lib/libzip.so
Event: 0.911 Loaded shared library /home/herton/.vscode/extensions/redhat.java-1.43.0-linux-x64/jre/21.0.7-linux-x86_64/lib/libinstrument.so
Event: 0.958 Loaded shared library /home/herton/.vscode/extensions/redhat.java-1.43.0-linux-x64/jre/21.0.7-linux-x86_64/lib/libnio.so
Event: 0.973 Loaded shared library /home/herton/.vscode/extensions/redhat.java-1.43.0-linux-x64/jre/21.0.7-linux-x86_64/lib/libzip.so
Event: 1.112 Loaded shared library /home/herton/.vscode/extensions/redhat.java-1.43.0-linux-x64/jre/21.0.7-linux-x86_64/lib/libjimage.so
Event: 1.298 Loaded shared library /home/herton/.vscode/extensions/redhat.java-1.43.0-linux-x64/jre/21.0.7-linux-x86_64/lib/libverify.so
Event: 2.176 Loaded shared library /home/herton/.vscode/extensions/redhat.java-1.43.0-linux-x64/jre/21.0.7-linux-x86_64/lib/libnet.so
Event: 5.382 Loaded shared library /home/herton/.config/Code/User/globalStorage/redhat.java/1.43.0/config_ss_linux/org.eclipse.equinox.launcher/org.eclipse.equinox.launcher.gtk.linux.x86_64_1.2.1400.v20250331-1702/eclipse_11911.so
Event: 7.625 Loaded shared library /home/herton/.vscode/extensions/redhat.java-1.43.0-linux-x64/jre/21.0.7-linux-x86_64/lib/libmanagement.so
Event: 7.647 Loaded shared library /home/herton/.vscode/extensions/redhat.java-1.43.0-linux-x64/jre/21.0.7-linux-x86_64/lib/libmanagement_ext.so

Deoptimization events (20 events):
Event: 22.007 Thread 0x0000717b081313c0 DEOPT PACKING pc=0x0000717bca92cfda sp=0x0000717b7dbf9cb0
Event: 22.007 Thread 0x0000717b081313c0 DEOPT UNPACKING pc=0x0000717bd138ab2f sp=0x0000717b7dbf9148 mode 0
Event: 22.010 Thread 0x0000717b1c3c9bf0 Uncommon trap: trap_request=0xffffff45 fr.pc=0x0000717bd1b07dec relative=0x0000000000006c4c
Event: 22.010 Thread 0x0000717b1c3c9bf0 Uncommon trap: reason=unstable_if action=reinterpret pc=0x0000717bd1b07dec method=lombok.patcher.MethodTarget.matches(Ljava/lang/String;Ljava/lang/String;Ljava/lang/String;)Z @ 18 c2
Event: 22.010 Thread 0x0000717b1c3c9bf0 DEOPT PACKING pc=0x0000717bd1b07dec sp=0x0000717b7e2f6c80
Event: 22.010 Thread 0x0000717b1c3c9bf0 DEOPT UNPACKING pc=0x0000717bd138a399 sp=0x0000717b7e2f6bd0 mode 2
Event: 22.029 Thread 0x0000717b0812b790 DEOPT PACKING pc=0x0000717bca99a652 sp=0x0000717b7dcf9b30
Event: 22.029 Thread 0x0000717b0812b790 DEOPT UNPACKING pc=0x0000717bd138ab2f sp=0x0000717b7dcf8f78 mode 0
Event: 22.201 Thread 0x0000717b1c3c9bf0 Uncommon trap: trap_request=0xffffff45 fr.pc=0x0000717bd1b955c8 relative=0x0000000000000e48
Event: 22.201 Thread 0x0000717b1c3c9bf0 Uncommon trap: reason=unstable_if action=reinterpret pc=0x0000717bd1b955c8 method=org.eclipse.jdt.core.compiler.CharOperation.splitOn(C[CII)[[C @ 19 c2
Event: 22.201 Thread 0x0000717b1c3c9bf0 DEOPT PACKING pc=0x0000717bd1b955c8 sp=0x0000717b7e2faa20
Event: 22.201 Thread 0x0000717b1c3c9bf0 DEOPT UNPACKING pc=0x0000717bd138a399 sp=0x0000717b7e2fa9e8 mode 2
Event: 22.486 Thread 0x0000717b10186ef0 DEOPT PACKING pc=0x0000717bcaa7592d sp=0x0000717b7eafa9d0
Event: 22.486 Thread 0x0000717b10186ef0 DEOPT UNPACKING pc=0x0000717bd138ab2f sp=0x0000717b7eaf9e78 mode 0
Event: 22.564 Thread 0x0000717b10186ef0 DEOPT PACKING pc=0x0000717bcaa7592d sp=0x0000717b7eafa210
Event: 22.564 Thread 0x0000717b10186ef0 DEOPT UNPACKING pc=0x0000717bd138ab2f sp=0x0000717b7eaf96b8 mode 0
Event: 22.593 Thread 0x0000717b10186ef0 DEOPT PACKING pc=0x0000717bcaa7592d sp=0x0000717b7eafa030
Event: 22.593 Thread 0x0000717b10186ef0 DEOPT UNPACKING pc=0x0000717bd138ab2f sp=0x0000717b7eaf94d8 mode 0
Event: 22.613 Thread 0x0000717b10186ef0 DEOPT PACKING pc=0x0000717bcaa7592d sp=0x0000717b7eaf99e0
Event: 22.613 Thread 0x0000717b10186ef0 DEOPT UNPACKING pc=0x0000717bd138ab2f sp=0x0000717b7eaf8e88 mode 0

Classes loaded (20 events):
Event: 21.748 Loading class java/util/Formatter$DateTime
Event: 21.748 Loading class java/util/Formatter$DateTime done
Event: 21.749 Loading class java/time/ZonedDateTime$1
Event: 21.749 Loading class java/time/ZonedDateTime$1 done
Event: 21.779 Loading class java/util/concurrent/CompletionException
Event: 21.780 Loading class java/util/concurrent/CompletionException done
Event: 22.371 Loading class java/nio/file/Files$2
Event: 22.374 Loading class java/nio/file/Files$2 done
Event: 22.389 Loading class java/util/concurrent/ArrayBlockingQueue
Event: 22.390 Loading class java/util/concurrent/ArrayBlockingQueue done
Event: 22.414 Loading class java/util/stream/ReferencePipeline$4
Event: 22.414 Loading class java/util/stream/ReferencePipeline$4 done
Event: 22.415 Loading class java/util/stream/Nodes$IntFixedNodeBuilder
Event: 22.415 Loading class java/util/stream/Node$Builder$OfInt
Event: 22.415 Loading class java/util/stream/Node$Builder$OfInt done
Event: 22.415 Loading class java/util/stream/Nodes$IntArrayNode
Event: 22.415 Loading class java/util/stream/Nodes$IntArrayNode done
Event: 22.416 Loading class java/util/stream/Nodes$IntFixedNodeBuilder done
Event: 22.416 Loading class java/util/stream/ReferencePipeline$4$1
Event: 22.416 Loading class java/util/stream/ReferencePipeline$4$1 done

Classes unloaded (7 events):
Event: 8.883 Thread 0x0000717bdc0e7a90 Unloading class 0x0000717b80196800 'java/lang/invoke/LambdaForm$MH+0x0000717b80196800'
Event: 8.883 Thread 0x0000717bdc0e7a90 Unloading class 0x0000717b80196400 'java/lang/invoke/LambdaForm$MH+0x0000717b80196400'
Event: 8.883 Thread 0x0000717bdc0e7a90 Unloading class 0x0000717b80196000 'java/lang/invoke/LambdaForm$MH+0x0000717b80196000'
Event: 8.883 Thread 0x0000717bdc0e7a90 Unloading class 0x0000717b80195c00 'java/lang/invoke/LambdaForm$MH+0x0000717b80195c00'
Event: 8.883 Thread 0x0000717bdc0e7a90 Unloading class 0x0000717b80195800 'java/lang/invoke/LambdaForm$BMH+0x0000717b80195800'
Event: 8.883 Thread 0x0000717bdc0e7a90 Unloading class 0x0000717b80195400 'java/lang/invoke/LambdaForm$DMH+0x0000717b80195400'
Event: 8.883 Thread 0x0000717bdc0e7a90 Unloading class 0x0000717b80194000 'java/lang/invoke/LambdaForm$DMH+0x0000717b80194000'

Classes redefined (0 events):
No events

Internal exceptions (20 events):
Event: 17.129 Thread 0x0000717b081313c0 Exception <a 'java/lang/NoSuchMethodError'{0x00000000d5db2540}: 'int java.lang.invoke.DirectMethodHandle$Holder.invokeStaticInit(java.lang.Object, double, double)'> (0x00000000d5db2540) 
thrown [src/hotspot/share/interpreter/linkResolver.cpp, line 772]
Event: 17.130 Thread 0x0000717b081313c0 Exception <a 'java/lang/NoSuchMethodError'{0x00000000d5db6d90}: 'int java.lang.invoke.DirectMethodHandle$Holder.invokeStatic(java.lang.Object, long)'> (0x00000000d5db6d90) 
thrown [src/hotspot/share/interpreter/linkResolver.cpp, line 772]
Event: 17.138 Thread 0x0000717b0812a4e0 Exception <a 'java/lang/NoSuchMethodError'{0x00000000d5ddbfb0}: 'int java.lang.invoke.Invokers$Holder.linkToTargetMethod(java.lang.Object, java.lang.Object)'> (0x00000000d5ddbfb0) 
thrown [src/hotspot/share/interpreter/linkResolver.cpp, line 772]
Event: 17.900 Thread 0x0000717b1c3c9bf0 Exception <a 'java/lang/NoSuchMethodError'{0x00000000d6448080}: 'java.lang.Object java.lang.invoke.DirectMethodHandle$Holder.invokeStatic(java.lang.Object, int, java.lang.Object, java.lang.Object)'> (0x00000000d6448080) 
thrown [src/hotspot/share/interpreter/linkResolver.cpp, line 772]
Event: 17.904 Thread 0x0000717b1c3c9bf0 Exception <a 'java/lang/NoSuchMethodError'{0x00000000d644bf58}: 'java.lang.Object java.lang.invoke.DelegatingMethodHandle$Holder.delegate(java.lang.Object, int, java.lang.Object, java.lang.Object)'> (0x00000000d644bf58) 
thrown [src/hotspot/share/interpreter/linkResolver.cpp, line 772]
Event: 17.909 Thread 0x0000717b1c3c9bf0 Exception <a 'java/lang/NoSuchMethodError'{0x00000000d64acea8}: 'int java.lang.invoke.Invokers$Holder.linkToTargetMethod(java.lang.Object, java.lang.Object, java.lang.Object)'> (0x00000000d64acea8) 
thrown [src/hotspot/share/interpreter/linkResolver.cpp, line 772]
Event: 17.910 Thread 0x0000717b1c3d6e80 Exception <a 'java/lang/NoSuchMethodError'{0x00000000d64bbb98}: 'int java.lang.invoke.Invokers$Holder.linkToTargetMethod(java.lang.Object, java.lang.Object, java.lang.Object)'> (0x00000000d64bbb98) 
thrown [src/hotspot/share/interpreter/linkResolver.cpp, line 772]
Event: 17.910 Thread 0x0000717b0812b790 Exception <a 'java/lang/NoSuchMethodError'{0x00000000d64b5e50}: 'int java.lang.invoke.Invokers$Holder.linkToTargetMethod(java.lang.Object, java.lang.Object, java.lang.Object)'> (0x00000000d64b5e50) 
thrown [src/hotspot/share/interpreter/linkResolver.cpp, line 772]
Event: 19.787 Thread 0x0000717b0812a4e0 Exception <a 'java/lang/NoSuchMethodError'{0x00000000d5f52fd0}: 'int java.lang.invoke.DirectMethodHandle$Holder.invokeInterface(java.lang.Object, java.lang.Object)'> (0x00000000d5f52fd0) 
thrown [src/hotspot/share/interpreter/linkResolver.cpp, line 772]
Event: 19.787 Thread 0x0000717b0812a4e0 Exception <a 'java/lang/IncompatibleClassChangeError'{0x00000000d5f562a0}: Found class java.lang.Object, but interface was expected> (0x00000000d5f562a0) 
thrown [src/hotspot/share/interpreter/linkResolver.cpp, line 840]
Event: 20.006 Thread 0x0000717bdc6f69f0 Exception <a 'java/lang/NoSuchMethodError'{0x00000000d6446e10}: 'int java.lang.invoke.DirectMethodHandle$Holder.invokeSpecialIFC(java.lang.Object, java.lang.Object, java.lang.Object)'> (0x00000000d6446e10) 
thrown [src/hotspot/share/interpreter/linkResolver.cpp, line 772]
Event: 20.153 Thread 0x0000717b081313c0 Implicit null exception at 0x0000717bd1b6b8ce to 0x0000717bd1b6ba40
Event: 21.351 Thread 0x0000717b1c3c9bf0 Exception <a 'java/io/FileNotFoundException'{0x00000000d5a57388}> (0x00000000d5a57388) 
thrown [src/hotspot/share/prims/jni.cpp, line 520]
Event: 21.367 Thread 0x0000717b1c3c9bf0 Exception <a 'java/io/FileNotFoundException'{0x00000000d5a58290}> (0x00000000d5a58290) 
thrown [src/hotspot/share/prims/jni.cpp, line 520]
Event: 21.368 Thread 0x0000717b1c3c9bf0 Exception <a 'java/io/FileNotFoundException'{0x00000000d5a58f40}> (0x00000000d5a58f40) 
thrown [src/hotspot/share/prims/jni.cpp, line 520]
Event: 21.746 Thread 0x0000717bdc6f69f0 Exception <a 'java/lang/ClassNotFoundException'{0x00000000d64a2aa8}: sun/util/logging/resources/spi/loggingProvider> (0x00000000d64a2aa8) 
thrown [src/hotspot/share/classfile/systemDictionary.cpp, line 312]
Event: 21.778 Thread 0x0000717bdc6f69f0 Exception <a 'java/lang/IncompatibleClassChangeError'{0x00000000d6508bb8}: Found class java.lang.Object, but interface was expected> (0x00000000d6508bb8) 
thrown [src/hotspot/share/interpreter/linkResolver.cpp, line 840]
Event: 21.811 Thread 0x0000717bdc6f69f0 Exception <a 'java/lang/IncompatibleClassChangeError'{0x00000000d655b788}: Found class java.lang.Object, but interface was expected> (0x00000000d655b788) 
thrown [src/hotspot/share/interpreter/linkResolver.cpp, line 840]
Event: 21.878 Thread 0x0000717b0812a4e0 Exception <a 'java/lang/ArrayIndexOutOfBoundsException'{0x00000000d67da320}> (0x00000000d67da320) 
thrown [src/hotspot/share/runtime/sharedRuntime.cpp, line 625]
Event: 21.881 Thread 0x0000717b1c3c9bf0 Exception <a 'java/lang/NoSuchMethodError'{0x00000000d68424f8}: 'int java.lang.invoke.DirectMethodHandle$Holder.invokeStatic(java.lang.Object)'> (0x00000000d68424f8) 
thrown [src/hotspot/share/interpreter/linkResolver.cpp, line 772]

ZGC Phase Switch (0 events):
No events

VM Operations (20 events):
Event: 20.048 Executing VM operation: HandshakeAllThreads (Deoptimize)
Event: 20.056 Executing VM operation: HandshakeAllThreads (Deoptimize) done
Event: 20.278 Executing VM operation: ParallelGCFailedAllocation (Allocation Failure)
Event: 20.319 Executing VM operation: ParallelGCFailedAllocation (Allocation Failure) done
Event: 21.041 Executing VM operation: ICBufferFull
Event: 21.043 Executing VM operation: ICBufferFull done
Event: 21.043 Executing VM operation: ICBufferFull
Event: 21.045 Executing VM operation: ICBufferFull done
Event: 21.176 Executing VM operation: ParallelGCFailedAllocation (Allocation Failure)
Event: 21.200 Executing VM operation: ParallelGCFailedAllocation (Allocation Failure) done
Event: 21.703 Executing VM operation: ICBufferFull
Event: 21.704 Executing VM operation: ICBufferFull done
Event: 21.885 Executing VM operation: HandshakeAllThreads (Deoptimize)
Event: 21.895 Executing VM operation: HandshakeAllThreads (Deoptimize) done
Event: 21.910 Executing VM operation: HandshakeAllThreads (Deoptimize)
Event: 21.915 Executing VM operation: HandshakeAllThreads (Deoptimize) done
Event: 21.924 Executing VM operation: ParallelGCFailedAllocation (Allocation Failure)
Event: 21.958 Executing VM operation: ParallelGCFailedAllocation (Allocation Failure) done
Event: 22.190 Executing VM operation: HandshakeAllThreads (Deoptimize)
Event: 22.201 Executing VM operation: HandshakeAllThreads (Deoptimize) done

Memory protections (20 events):
Event: 7.675 Protecting memory [0x0000717b7e2fd000,0x0000717b7e301000] with protection modes 0
Event: 7.888 Protecting memory [0x0000717b7e1fd000,0x0000717b7e201000] with protection modes 0
Event: 7.913 Protecting memory [0x0000717b7e0fd000,0x0000717b7e101000] with protection modes 0
Event: 9.011 Protecting memory [0x0000717b7e2fd000,0x0000717b7e301000] with protection modes 0
Event: 9.343 Protecting memory [0x0000717b7dffd000,0x0000717b7e001000] with protection modes 0
Event: 10.301 Protecting memory [0x0000717b7dffd000,0x0000717b7e001000] with protection modes 0
Event: 10.684 Protecting memory [0x0000717b7defd000,0x0000717b7df01000] with protection modes 0
Event: 10.685 Protecting memory [0x0000717b7ddfd000,0x0000717b7de01000] with protection modes 0
Event: 11.981 Protecting memory [0x0000717b7dcfd000,0x0000717b7dd01000] with protection modes 0
Event: 11.988 Protecting memory [0x0000717b7dbfd000,0x0000717b7dc01000] with protection modes 0
Event: 12.014 Protecting memory [0x0000717b7dafd000,0x0000717b7db01000] with protection modes 0
Event: 12.307 Protecting memory [0x0000717b7d9fd000,0x0000717b7da01000] with protection modes 0
Event: 13.767 Protecting memory [0x0000717b7e2fd000,0x0000717b7e301000] with protection modes 0
Event: 13.843 Protecting memory [0x0000717b7e5fd000,0x0000717b7e601000] with protection modes 0
Event: 13.893 Protecting memory [0x0000717b7d9fd000,0x0000717b7da01000] with protection modes 0
Event: 13.895 Protecting memory [0x0000717b7d8fd000,0x0000717b7d901000] with protection modes 0
Event: 13.907 Protecting memory [0x0000717b7d7fd000,0x0000717b7d801000] with protection modes 0
Event: 22.164 Protecting memory [0x0000717bc8000000,0x0000717bc8004000] with protection modes 0
Event: 22.173 Protecting memory [0x0000717b7ebfd000,0x0000717b7ec01000] with protection modes 0
Event: 22.395 Protecting memory [0x0000717b7e9fd000,0x0000717b7ea01000] with protection modes 0

Nmethod flushes (20 events):
Event: 14.231 Thread 0x0000717bdc0e7a90 flushing  nmethod 0x0000717bca22f510
Event: 14.231 Thread 0x0000717bdc0e7a90 flushing  nmethod 0x0000717bca230b10
Event: 14.231 Thread 0x0000717bdc0e7a90 flushing  nmethod 0x0000717bca231c90
Event: 14.231 Thread 0x0000717bdc0e7a90 flushing  nmethod 0x0000717bca25d790
Event: 14.231 Thread 0x0000717bdc0e7a90 flushing  nmethod 0x0000717bca263a90
Event: 14.231 Thread 0x0000717bdc0e7a90 flushing  nmethod 0x0000717bca27ee10
Event: 14.231 Thread 0x0000717bdc0e7a90 flushing  nmethod 0x0000717bca2bc310
Event: 14.231 Thread 0x0000717bdc0e7a90 flushing  nmethod 0x0000717bca2bcc90
Event: 14.231 Thread 0x0000717bdc0e7a90 flushing  nmethod 0x0000717bca36b210
Event: 14.231 Thread 0x0000717bdc0e7a90 flushing  nmethod 0x0000717bca370490
Event: 14.231 Thread 0x0000717bdc0e7a90 flushing  nmethod 0x0000717bca388990
Event: 14.231 Thread 0x0000717bdc0e7a90 flushing  nmethod 0x0000717bca38be90
Event: 14.231 Thread 0x0000717bdc0e7a90 flushing  nmethod 0x0000717bca39f990
Event: 14.231 Thread 0x0000717bdc0e7a90 flushing  nmethod 0x0000717bca3b4190
Event: 14.231 Thread 0x0000717bdc0e7a90 flushing  nmethod 0x0000717bca3b4e90
Event: 14.231 Thread 0x0000717bdc0e7a90 flushing  nmethod 0x0000717bca3b5290
Event: 14.231 Thread 0x0000717bdc0e7a90 flushing  nmethod 0x0000717bca3b6010
Event: 14.231 Thread 0x0000717bdc0e7a90 flushing  nmethod 0x0000717bca3c9190
Event: 14.231 Thread 0x0000717bdc0e7a90 flushing  nmethod 0x0000717bca3d3110
Event: 14.231 Thread 0x0000717bdc0e7a90 flushing  nmethod 0x0000717bca3e0c10

Events (20 events):
Event: 12.013 Thread 0x0000717bdc6f69f0 Thread added: 0x0000717b081313c0
Event: 12.307 Thread 0x0000717b1c3d6e80 Thread added: 0x0000717b04043f80
Event: 12.317 Thread 0x0000717b04043f80 Thread exited: 0x0000717b04043f80
Event: 12.945 Thread 0x0000717b1c079110 Thread exited: 0x0000717b1c079110
Event: 13.098 Thread 0x0000717b5847aa50 Thread exited: 0x0000717b5847aa50
Event: 13.767 Thread 0x0000717bdc0f9b50 Thread added: 0x0000717b580b7310
Event: 13.842 Thread 0x0000717b1c3c9bf0 Thread added: 0x0000717b1005c2d0
Event: 13.892 Thread 0x0000717b1c3d6e80 Thread added: 0x0000717b040471c0
Event: 13.894 Thread 0x0000717b040471c0 Thread added: 0x0000717b2000af00
Event: 13.907 Thread 0x0000717b040471c0 Thread added: 0x0000717b20014a80
Event: 13.916 Thread 0x0000717b20014a80 Thread exited: 0x0000717b20014a80
Event: 13.918 Thread 0x0000717b040471c0 Thread exited: 0x0000717b040471c0
Event: 13.918 Thread 0x0000717b2000af00 Thread exited: 0x0000717b2000af00
Event: 15.547 Thread 0x0000717bdc4332a0 Thread exited: 0x0000717bdc4332a0
Event: 15.547 Thread 0x0000717bdc433c80 Thread exited: 0x0000717bdc433c80
Event: 15.547 Thread 0x0000717b34001ac0 Thread exited: 0x0000717b34001ac0
Event: 15.552 Thread 0x0000717bdc430180 Thread exited: 0x0000717bdc430180
Event: 22.164 Thread 0x0000717b1c3c9bf0 Thread added: 0x0000717b1016cdf0
Event: 22.170 Thread 0x0000717b1c3c9bf0 Thread added: 0x0000717b1016d900
Event: 22.395 Thread 0x0000717b1c3c9bf0 Thread added: 0x0000717b10186ef0


Dynamic libraries:
80000000-84300000 rw-p 00000000 00:00 0 
84300000-d5580000 ---p 00000000 00:00 0 
d5580000-d6f80000 rw-p 00000000 00:00 0 
d6f80000-100000000 ---p 00000000 00:00 0 
5a755aa9a000-5a755aa9b000 r-xp 00000000 08:06 12855934                   /home/herton/.vscode/extensions/redhat.java-1.43.0-linux-x64/jre/21.0.7-linux-x86_64/bin/java
5a755aa9c000-5a755aa9d000 r--p 00001000 08:06 12855934                   /home/herton/.vscode/extensions/redhat.java-1.43.0-linux-x64/jre/21.0.7-linux-x86_64/bin/java
5a755aa9d000-5a755aa9e000 rw-p 00002000 08:06 12855934                   /home/herton/.vscode/extensions/redhat.java-1.43.0-linux-x64/jre/21.0.7-linux-x86_64/bin/java
5a7561295000-5a75612dc000 rw-p 00000000 00:00 0                          [heap]
717afb600000-717b03e41000 r--s 00000000 08:06 13789488                   /usr/lib/jvm/java-11-openjdk-amd64/lib/modules
717b04000000-717b04185000 rw-p 00000000 00:00 0 
717b04185000-717b08000000 ---p 00000000 00:00 0 
717b08000000-717b08255000 rw-p 00000000 00:00 0 
717b08255000-717b0c000000 ---p 00000000 00:00 0 
717b0c000000-717b0cf7c000 rw-p 00000000 00:00 0 
717b0cf7c000-717b10000000 ---p 00000000 00:00 0 
717b10000000-717b10195000 rw-p 00000000 00:00 0 
717b10195000-717b14000000 ---p 00000000 00:00 0 
717b14000000-717b14021000 rw-p 00000000 00:00 0 
717b14021000-717b18000000 ---p 00000000 00:00 0 
717b18000000-717b180a1000 rw-p 00000000 00:00 0 
717b180a1000-717b1c000000 ---p 00000000 00:00 0 
717b1c000000-717b1c8b1000 rw-p 00000000 00:00 0 
717b1c8b1000-717b20000000 ---p 00000000 00:00 0 
717b20000000-717b212bd000 rw-p 00000000 00:00 0 
717b212bd000-717b24000000 ---p 00000000 00:00 0 
717b24000000-717b24021000 rw-p 00000000 00:00 0 
717b24021000-717b28000000 ---p 00000000 00:00 0 
717b28000000-717b28021000 rw-p 00000000 00:00 0 
717b28021000-717b2c000000 ---p 00000000 00:00 0 
717b2c000000-717b2c021000 rw-p 00000000 00:00 0 
717b2c021000-717b30000000 ---p 00000000 00:00 0 
717b30000000-717b30021000 rw-p 00000000 00:00 0 
717b30021000-717b34000000 ---p 00000000 00:00 0 
717b34000000-717b34021000 rw-p 00000000 00:00 0 
717b34021000-717b38000000 ---p 00000000 00:00 0 
717b38000000-717b38021000 rw-p 00000000 00:00 0 
717b38021000-717b3c000000 ---p 00000000 00:00 0 
717b3c000000-717b3c021000 rw-p 00000000 00:00 0 
717b3c021000-717b40000000 ---p 00000000 00:00 0 
717b40000000-717b40021000 rw-p 00000000 00:00 0 
717b40021000-717b44000000 ---p 00000000 00:00 0 
717b44000000-717b44021000 rw-p 00000000 00:00 0 
717b44021000-717b48000000 ---p 00000000 00:00 0 
717b48000000-717b48021000 rw-p 00000000 00:00 0 
717b48021000-717b4c000000 ---p 00000000 00:00 0 
717b4c000000-717b4c021000 rw-p 00000000 00:00 0 
717b4c021000-717b50000000 ---p 00000000 00:00 0 
717b50000000-717b5046b000 rw-p 00000000 00:00 0 
717b5046b000-717b54000000 ---p 00000000 00:00 0 
717b54000000-717b55ce2000 rw-p 00000000 00:00 0 
717b55ce2000-717b58000000 ---p 00000000 00:00 0 
717b58000000-717b58d06000 rw-p 00000000 00:00 0 
717b58d06000-717b5c000000 ---p 00000000 00:00 0 
717b5c000000-717b5c021000 rw-p 00000000 00:00 0 
717b5c021000-717b60000000 ---p 00000000 00:00 0 
717b60000000-717b60021000 rw-p 00000000 00:00 0 
717b60021000-717b64000000 ---p 00000000 00:00 0 
717b64000000-717b64021000 rw-p 00000000 00:00 0 
717b64021000-717b68000000 ---p 00000000 00:00 0 
717b68000000-717b68021000 rw-p 00000000 00:00 0 
717b68021000-717b6c000000 ---p 00000000 00:00 0 
717b6c000000-717b6c021000 rw-p 00000000 00:00 0 
717b6c021000-717b70000000 ---p 00000000 00:00 0 
717b70000000-717b70021000 rw-p 00000000 00:00 0 
717b70021000-717b74000000 ---p 00000000 00:00 0 
717b74000000-717b743f0000 rw-p 00000000 00:00 0 
717b743f0000-717b74770000 rw-p 00000000 00:00 0 
717b74770000-717b747f0000 rw-p 00000000 00:00 0 
717b747f0000-717b748f0000 rw-p 00000000 00:00 0 
717b748f0000-717b749f0000 rw-p 00000000 00:00 0 
717b749f0000-717b74cf0000 rw-p 00000000 00:00 0 
717b74cf0000-717b74df0000 rw-p 00000000 00:00 0 
717b74df0000-717b755f0000 rw-p 00000000 00:00 0 
717b755f0000-717b75770000 rw-p 00000000 00:00 0 
717b75770000-717b757f0000 rw-p 00000000 00:00 0 
717b757f0000-717b75af0000 rw-p 00000000 00:00 0 
717b75af0000-717b75bf0000 rw-p 00000000 00:00 0 
717b75bf0000-717b767b0000 rw-p 00000000 00:00 0 
717b767b0000-717b78000000 ---p 00000000 00:00 0 
717b78000000-717b78021000 rw-p 00000000 00:00 0 
717b78021000-717b7c000000 ---p 00000000 00:00 0 
717b7d7fd000-717b7d801000 ---p 00000000 00:00 0 
717b7d801000-717b7d8fd000 rw-p 00000000 00:00 0 
717b7d8fd000-717b7d901000 ---p 00000000 00:00 0 
717b7d901000-717b7d9fd000 rw-p 00000000 00:00 0 
717b7d9fd000-717b7da01000 ---p 00000000 00:00 0 
717b7da01000-717b7dafd000 rw-p 00000000 00:00 0 
717b7dafd000-717b7db01000 ---p 00000000 00:00 0 
717b7db01000-717b7dbfd000 rw-p 00000000 00:00 0 
717b7dbfd000-717b7dc01000 ---p 00000000 00:00 0 
717b7dc01000-717b7dcfd000 rw-p 00000000 00:00 0 
717b7dcfd000-717b7dd01000 ---p 00000000 00:00 0 
717b7dd01000-717b7ddfd000 rw-p 00000000 00:00 0 
717b7ddfd000-717b7de01000 ---p 00000000 00:00 0 
717b7de01000-717b7defd000 rw-p 00000000 00:00 0 
717b7defd000-717b7df01000 ---p 00000000 00:00 0 
717b7df01000-717b7dffd000 rw-p 00000000 00:00 0 
717b7dffd000-717b7e001000 ---p 00000000 00:00 0 
717b7e001000-717b7e0fd000 rw-p 00000000 00:00 0 
717b7e0fd000-717b7e101000 ---p 00000000 00:00 0 
717b7e101000-717b7e1fd000 rw-p 00000000 00:00 0 
717b7e1fd000-717b7e201000 ---p 00000000 00:00 0 
717b7e201000-717b7e2fd000 rw-p 00000000 00:00 0 
717b7e2fd000-717b7e301000 ---p 00000000 00:00 0 
717b7e301000-717b7e3fd000 rw-p 00000000 00:00 0 
717b7e3fd000-717b7e401000 ---p 00000000 00:00 0 
717b7e401000-717b7e4fd000 rw-p 00000000 00:00 0 
717b7e4fd000-717b7e501000 ---p 00000000 00:00 0 
717b7e501000-717b7e5fd000 rw-p 00000000 00:00 0 
717b7e5fd000-717b7e601000 ---p 00000000 00:00 0 
717b7e601000-717b7e6fd000 rw-p 00000000 00:00 0 
717b7e6fd000-717b7e701000 ---p 00000000 00:00 0 
717b7e701000-717b7e7fd000 rw-p 00000000 00:00 0 
717b7e7fd000-717b7e801000 ---p 00000000 00:00 0 
717b7e801000-717b7e8fd000 rw-p 00000000 00:00 0 
717b7e8fd000-717b7e901000 ---p 00000000 00:00 0 
717b7e901000-717b7e9fd000 rw-p 00000000 00:00 0 
717b7e9fd000-717b7ea01000 ---p 00000000 00:00 0 
717b7ea01000-717b7eafd000 rw-p 00000000 00:00 0 
717b7eafd000-717b7eb01000 ---p 00000000 00:00 0 
717b7eb01000-717b7ebfd000 rw-p 00000000 00:00 0 
717b7ebfd000-717b7ec01000 ---p 00000000 00:00 0 
717b7ec01000-717b7ecfd000 rw-p 00000000 00:00 0 
717b7ecfd000-717b7ecfe000 ---p 00000000 00:00 0 
717b7ecfe000-717b7edfe000 rw-p 00000000 00:00 0 
717b7edfe000-717b7edff000 ---p 00000000 00:00 0 
717b7edff000-717b7eeff000 rw-p 00000000 00:00 0 
717b7eeff000-717b7ef00000 ---p 00000000 00:00 0 
717b7ef00000-717b7f000000 rw-p 00000000 00:00 0 
717b7f000000-717b7fbb6000 rw-p 00001000 08:06 13111433                   /home/herton/.vscode/extensions/redhat.java-1.43.0-linux-x64/jre/21.0.7-linux-x86_64/lib/server/classes.jsa
717b7fbb6000-717b80000000 ---p 00000000 00:00 0 
717b80000000-717b80030000 rw-p 00000000 00:00 0 
717b80030000-717b800b0000 rw-p 00000000 00:00 0 
717b800b0000-717b800f0000 rw-p 00000000 00:00 0 
717b800f0000-717b801d0000 rw-p 00000000 00:00 0 
717b801d0000-717b801f0000 rw-p 00000000 00:00 0 
717b801f0000-717b802b0000 rw-p 00000000 00:00 0 
717b802b0000-717b802f0000 rw-p 00000000 00:00 0 
717b802f0000-717b80300000 ---p 00000000 00:00 0 
717b80300000-717b804d0000 rw-p 00000000 00:00 0 
717b804d0000-717bc0000000 ---p 00000000 00:00 0 
717bc0000000-717bc4000000 rw-p 00000000 00:00 0 
717bc4000000-717bc4021000 rw-p 00000000 00:00 0 
717bc4021000-717bc8000000 ---p 00000000 00:00 0 
717bc8000000-717bc8004000 ---p 00000000 00:00 0 
717bc8004000-717bc8100000 rw-p 00000000 00:00 0 
717bc8100000-717bc8104000 ---p 00000000 00:00 0 
717bc8104000-717bc8200000 rw-p 00000000 00:00 0 
717bc8200000-717bc8204000 ---p 00000000 00:00 0 
717bc8204000-717bc8300000 rw-p 00000000 00:00 0 
717bc8300000-717bc8304000 ---p 00000000 00:00 0 
717bc8304000-717bc8400000 rw-p 00000000 00:00 0 
717bc8400000-717bc8404000 ---p 00000000 00:00 0 
717bc8404000-717bc8500000 rw-p 00000000 00:00 0 
717bc8500000-717bc8504000 ---p 00000000 00:00 0 
717bc8504000-717bc8600000 rw-p 00000000 00:00 0 
717bc8600000-717bc8604000 ---p 00000000 00:00 0 
717bc8604000-717bc8700000 rw-p 00000000 00:00 0 
717bc8700000-717bc8704000 ---p 00000000 00:00 0 
717bc8704000-717bc8800000 rw-p 00000000 00:00 0 
717bc8800000-717bc8804000 ---p 00000000 00:00 0 
717bc8804000-717bc8900000 rw-p 00000000 00:00 0 
717bc8900000-717bc8904000 ---p 00000000 00:00 0 
717bc8904000-717bc8a00000 rw-p 00000000 00:00 0 
717bc8a00000-717bc8f75000 r--p 00000000 08:06 12451955                   /usr/lib/locale/locale-archive
717bc8ff3000-717bc8ff7000 ---p 00000000 00:00 0 
717bc8ff7000-717bc90f3000 rw-p 00000000 00:00 0 
717bc90f3000-717bc90f4000 ---p 00000000 00:00 0 
717bc90f4000-717bc91f4000 rw-p 00000000 00:00 0 
717bc91f4000-717bc9e00000 rw-p 00000000 00:00 0 
717bc9e00000-717bcaac0000 rwxp 00000000 00:00 0 
717bcaac0000-717bd1337000 ---p 00000000 00:00 0 
717bd1337000-717bd15a7000 rwxp 00000000 00:00 0 
717bd15a7000-717bd18c8000 ---p 00000000 00:00 0 
717bd18c8000-717bd1bd8000 rwxp 00000000 00:00 0 
717bd1bd8000-717bd8e00000 ---p 00000000 00:00 0 
717bd8e00000-717bdbfce000 r--s 00000000 08:06 12857885                   /home/herton/.vscode/extensions/redhat.java-1.43.0-linux-x64/jre/21.0.7-linux-x86_64/lib/modules
717bdc000000-717bdc704000 rw-p 00000000 00:00 0 
717bdc704000-717be0000000 ---p 00000000 00:00 0 
717be0062000-717be0067000 r-xp 00000000 08:06 12857842                   /home/herton/.vscode/extensions/redhat.java-1.43.0-linux-x64/jre/21.0.7-linux-x86_64/lib/libmanagement_ext.so
717be0067000-717be0068000 ---p 00005000 08:06 12857842                   /home/herton/.vscode/extensions/redhat.java-1.43.0-linux-x64/jre/21.0.7-linux-x86_64/lib/libmanagement_ext.so
717be0068000-717be0069000 r--p 00005000 08:06 12857842                   /home/herton/.vscode/extensions/redhat.java-1.43.0-linux-x64/jre/21.0.7-linux-x86_64/lib/libmanagement_ext.so
717be0069000-717be006a000 rw-p 00006000 08:06 12857842                   /home/herton/.vscode/extensions/redhat.java-1.43.0-linux-x64/jre/21.0.7-linux-x86_64/lib/libmanagement_ext.so
717be006a000-717be006e000 r--p 00000000 08:06 13112007                   /home/herton/.config/Code/User/globalStorage/redhat.java/1.43.0/config_ss_linux/org.eclipse.equinox.launcher/org.eclipse.equinox.launcher.gtk.linux.x86_64_1.2.1400.v20250331-1702/eclipse_11911.so
717be006e000-717be0078000 r-xp 00004000 08:06 13112007                   /home/herton/.config/Code/User/globalStorage/redhat.java/1.43.0/config_ss_linux/org.eclipse.equinox.launcher/org.eclipse.equinox.launcher.gtk.linux.x86_64_1.2.1400.v20250331-1702/eclipse_11911.so
717be0078000-717be007b000 r--p 0000e000 08:06 13112007                   /home/herton/.config/Code/User/globalStorage/redhat.java/1.43.0/config_ss_linux/org.eclipse.equinox.launcher/org.eclipse.equinox.launcher.gtk.linux.x86_64_1.2.1400.v20250331-1702/eclipse_11911.so
717be007b000-717be007c000 r--p 00010000 08:06 13112007                   /home/herton/.config/Code/User/globalStorage/redhat.java/1.43.0/config_ss_linux/org.eclipse.equinox.launcher/org.eclipse.equinox.launcher.gtk.linux.x86_64_1.2.1400.v20250331-1702/eclipse_11911.so
717be007c000-717be007d000 rw-p 00011000 08:06 13112007                   /home/herton/.config/Code/User/globalStorage/redhat.java/1.43.0/config_ss_linux/org.eclipse.equinox.launcher/org.eclipse.equinox.launcher.gtk.linux.x86_64_1.2.1400.v20250331-1702/eclipse_11911.so
717be007d000-717be007e000 rw-p 00000000 00:00 0 
717be007e000-717be007f000 ---p 00000000 00:00 0 
717be007f000-717be017f000 rw-p 00000000 00:00 0 
717be017f000-717be0600000 rw-p 00000000 00:00 0 
717be0600000-717be0607000 r--s 00000000 08:06 13161358                   /usr/lib/x86_64-linux-gnu/gconv/gconv-modules.cache
717be0607000-717be0614000 r-xp 00000000 08:06 12857880                   /home/herton/.vscode/extensions/redhat.java-1.43.0-linux-x64/jre/21.0.7-linux-x86_64/lib/libverify.so
717be0614000-717be0616000 r--p 0000c000 08:06 12857880                   /home/herton/.vscode/extensions/redhat.java-1.43.0-linux-x64/jre/21.0.7-linux-x86_64/lib/libverify.so
717be0616000-717be0617000 rw-p 0000e000 08:06 12857880                   /home/herton/.vscode/extensions/redhat.java-1.43.0-linux-x64/jre/21.0.7-linux-x86_64/lib/libverify.so
717be0617000-717be0623000 r-xp 00000000 08:06 12857848                   /home/herton/.vscode/extensions/redhat.java-1.43.0-linux-x64/jre/21.0.7-linux-x86_64/lib/libnet.so
717be0623000-717be0624000 r--p 0000b000 08:06 12857848                   /home/herton/.vscode/extensions/redhat.java-1.43.0-linux-x64/jre/21.0.7-linux-x86_64/lib/libnet.so
717be0624000-717be0625000 rw-p 0000c000 08:06 12857848                   /home/herton/.vscode/extensions/redhat.java-1.43.0-linux-x64/jre/21.0.7-linux-x86_64/lib/libnet.so
717be0625000-717be0639000 r-xp 00000000 08:06 12857850                   /home/herton/.vscode/extensions/redhat.java-1.43.0-linux-x64/jre/21.0.7-linux-x86_64/lib/libnio.so
717be0639000-717be063a000 r--p 00013000 08:06 12857850                   /home/herton/.vscode/extensions/redhat.java-1.43.0-linux-x64/jre/21.0.7-linux-x86_64/lib/libnio.so
717be063a000-717be063b000 rw-p 00014000 08:06 12857850                   /home/herton/.vscode/extensions/redhat.java-1.43.0-linux-x64/jre/21.0.7-linux-x86_64/lib/libnio.so
717be063b000-717be06b8000 rw-p 00000000 00:00 0 
717be06b8000-717be0941000 ---p 00000000 00:00 0 
717be0941000-717be0942000 ---p 00000000 00:00 0 
717be0942000-717be0a42000 rw-p 00000000 00:00 0 
717be0a42000-717be0a64000 rw-p 00000000 00:00 0 
717be0a64000-717be0cec000 ---p 00000000 00:00 0 
717be0cec000-717be0cfa000 rw-p 00000000 00:00 0 
717be0cfa000-717be0e43000 ---p 00000000 00:00 0 
717be0e43000-717be0e4a000 rw-p 00000000 00:00 0 
717be0e4a000-717be0f2e000 ---p 00000000 00:00 0 
717be0f2e000-717be0f48000 rw-p 00000000 00:00 0 
717be0f48000-717be1019000 ---p 00000000 00:00 0 
717be1019000-717be101d000 ---p 00000000 00:00 0 
717be101d000-717be1119000 rw-p 00000000 00:00 0 
717be1119000-717be1127000 r--p 00000000 08:06 12455275                   /usr/lib/x86_64-linux-gnu/libm.so.6
717be1127000-717be11a3000 r-xp 0000e000 08:06 12455275                   /usr/lib/x86_64-linux-gnu/libm.so.6
717be11a3000-717be11fe000 r--p 0008a000 08:06 12455275                   /usr/lib/x86_64-linux-gnu/libm.so.6
717be11fe000-717be11ff000 r--p 000e4000 08:06 12455275                   /usr/lib/x86_64-linux-gnu/libm.so.6
717be11ff000-717be1200000 rw-p 000e5000 08:06 12455275                   /usr/lib/x86_64-linux-gnu/libm.so.6
717be1200000-717be260f000 r-xp 00000000 08:06 13137118                   /home/herton/.vscode/extensions/redhat.java-1.43.0-linux-x64/jre/21.0.7-linux-x86_64/lib/server/libjvm.so
717be260f000-717be2610000 ---p 0140f000 08:06 13137118                   /home/herton/.vscode/extensions/redhat.java-1.43.0-linux-x64/jre/21.0.7-linux-x86_64/lib/server/libjvm.so
717be2610000-717be26e4000 r--p 0140f000 08:06 13137118                   /home/herton/.vscode/extensions/redhat.java-1.43.0-linux-x64/jre/21.0.7-linux-x86_64/lib/server/libjvm.so
717be26e4000-717be2714000 rw-p 014e3000 08:06 13137118                   /home/herton/.vscode/extensions/redhat.java-1.43.0-linux-x64/jre/21.0.7-linux-x86_64/lib/server/libjvm.so
717be2714000-717be277a000 rw-p 00000000 00:00 0 
717be277a000-717be2795000 r-xp 00000000 08:06 12857882                   /home/herton/.vscode/extensions/redhat.java-1.43.0-linux-x64/jre/21.0.7-linux-x86_64/lib/libzip.so
717be2795000-717be2796000 r--p 0001a000 08:06 12857882                   /home/herton/.vscode/extensions/redhat.java-1.43.0-linux-x64/jre/21.0.7-linux-x86_64/lib/libzip.so
717be2796000-717be2797000 rw-p 0001b000 08:06 12857882                   /home/herton/.vscode/extensions/redhat.java-1.43.0-linux-x64/jre/21.0.7-linux-x86_64/lib/libzip.so
717be2797000-717be2800000 rw-p 00000000 00:00 0 
717be2800000-717be2828000 r--p 00000000 08:06 12455029                   /usr/lib/x86_64-linux-gnu/libc.so.6
717be2828000-717be29bd000 r-xp 00028000 08:06 12455029                   /usr/lib/x86_64-linux-gnu/libc.so.6
717be29bd000-717be2a15000 r--p 001bd000 08:06 12455029                   /usr/lib/x86_64-linux-gnu/libc.so.6
717be2a15000-717be2a16000 ---p 00215000 08:06 12455029                   /usr/lib/x86_64-linux-gnu/libc.so.6
717be2a16000-717be2a1a000 r--p 00215000 08:06 12455029                   /usr/lib/x86_64-linux-gnu/libc.so.6
717be2a1a000-717be2a1c000 rw-p 00219000 08:06 12455029                   /usr/lib/x86_64-linux-gnu/libc.so.6
717be2a1c000-717be2a29000 rw-p 00000000 00:00 0 
717be2a2e000-717be2a33000 rw-p 00000000 00:00 0 
717be2a33000-717be2a3a000 ---p 00000000 00:00 0 
717be2a3a000-717be2a42000 rw-s 00000000 08:06 3149930                    /tmp/hsperfdata_herton/132025
717be2a42000-717be2a62000 r-xp 00000000 08:06 12857781                   /home/herton/.vscode/extensions/redhat.java-1.43.0-linux-x64/jre/21.0.7-linux-x86_64/lib/libjava.so
717be2a62000-717be2a63000 ---p 00020000 08:06 12857781                   /home/herton/.vscode/extensions/redhat.java-1.43.0-linux-x64/jre/21.0.7-linux-x86_64/lib/libjava.so
717be2a63000-717be2a64000 r--p 00020000 08:06 12857781                   /home/herton/.vscode/extensions/redhat.java-1.43.0-linux-x64/jre/21.0.7-linux-x86_64/lib/libjava.so
717be2a64000-717be2a65000 rw-p 00021000 08:06 12857781                   /home/herton/.vscode/extensions/redhat.java-1.43.0-linux-x64/jre/21.0.7-linux-x86_64/lib/libjava.so
717be2a65000-717be2a66000 rw-p 00000000 00:00 0 
717be2a66000-717be2a81000 r-xp 00000000 08:06 12857792                   /home/herton/.vscode/extensions/redhat.java-1.43.0-linux-x64/jre/21.0.7-linux-x86_64/lib/libjimage.so
717be2a81000-717be2a82000 ---p 0001b000 08:06 12857792                   /home/herton/.vscode/extensions/redhat.java-1.43.0-linux-x64/jre/21.0.7-linux-x86_64/lib/libjimage.so
717be2a82000-717be2a84000 r--p 0001b000 08:06 12857792                   /home/herton/.vscode/extensions/redhat.java-1.43.0-linux-x64/jre/21.0.7-linux-x86_64/lib/libjimage.so
717be2a84000-717be2a85000 rw-p 0001d000 08:06 12857792                   /home/herton/.vscode/extensions/redhat.java-1.43.0-linux-x64/jre/21.0.7-linux-x86_64/lib/libjimage.so
717be2a85000-717be2a86000 r--p 00000000 08:06 12455286                   /usr/lib/x86_64-linux-gnu/librt.so.1
717be2a86000-717be2a87000 r-xp 00001000 08:06 12455286                   /usr/lib/x86_64-linux-gnu/librt.so.1
717be2a87000-717be2a88000 r--p 00002000 08:06 12455286                   /usr/lib/x86_64-linux-gnu/librt.so.1
717be2a88000-717be2a89000 r--p 00002000 08:06 12455286                   /usr/lib/x86_64-linux-gnu/librt.so.1
717be2a89000-717be2a8a000 rw-p 00003000 08:06 12455286                   /usr/lib/x86_64-linux-gnu/librt.so.1
717be2a8a000-717be2a8c000 rw-p 00000000 00:00 0 
717be2a8c000-717be2a8d000 r--p 00000000 08:06 12455037                   /usr/lib/x86_64-linux-gnu/libdl.so.2
717be2a8d000-717be2a8e000 r-xp 00001000 08:06 12455037                   /usr/lib/x86_64-linux-gnu/libdl.so.2
717be2a8e000-717be2a8f000 r--p 00002000 08:06 12455037                   /usr/lib/x86_64-linux-gnu/libdl.so.2
717be2a8f000-717be2a90000 r--p 00002000 08:06 12455037                   /usr/lib/x86_64-linux-gnu/libdl.so.2
717be2a90000-717be2a91000 rw-p 00003000 08:06 12455037                   /usr/lib/x86_64-linux-gnu/libdl.so.2
717be2a91000-717be2a92000 r--p 00000000 08:06 12455284                   /usr/lib/x86_64-linux-gnu/libpthread.so.0
717be2a92000-717be2a93000 r-xp 00001000 08:06 12455284                   /usr/lib/x86_64-linux-gnu/libpthread.so.0
717be2a93000-717be2a94000 r--p 00002000 08:06 12455284                   /usr/lib/x86_64-linux-gnu/libpthread.so.0
717be2a94000-717be2a95000 r--p 00002000 08:06 12455284                   /usr/lib/x86_64-linux-gnu/libpthread.so.0
717be2a95000-717be2a96000 rw-p 00003000 08:06 12455284                   /usr/lib/x86_64-linux-gnu/libpthread.so.0
717be2a97000-717be2a9b000 r-xp 00000000 08:06 12857845                   /home/herton/.vscode/extensions/redhat.java-1.43.0-linux-x64/jre/21.0.7-linux-x86_64/lib/libmanagement.so
717be2a9b000-717be2a9c000 r--p 00003000 08:06 12857845                   /home/herton/.vscode/extensions/redhat.java-1.43.0-linux-x64/jre/21.0.7-linux-x86_64/lib/libmanagement.so
717be2a9c000-717be2a9d000 rw-p 00004000 08:06 12857845                   /home/herton/.vscode/extensions/redhat.java-1.43.0-linux-x64/jre/21.0.7-linux-x86_64/lib/libmanagement.so
717be2a9d000-717be2aa7000 r-xp 00000000 08:06 12857748                   /home/herton/.vscode/extensions/redhat.java-1.43.0-linux-x64/jre/21.0.7-linux-x86_64/lib/libinstrument.so
717be2aa7000-717be2aa8000 ---p 0000a000 08:06 12857748                   /home/herton/.vscode/extensions/redhat.java-1.43.0-linux-x64/jre/21.0.7-linux-x86_64/lib/libinstrument.so
717be2aa8000-717be2aa9000 r--p 0000a000 08:06 12857748                   /home/herton/.vscode/extensions/redhat.java-1.43.0-linux-x64/jre/21.0.7-linux-x86_64/lib/libinstrument.so
717be2aa9000-717be2aaa000 rw-p 0000b000 08:06 12857748                   /home/herton/.vscode/extensions/redhat.java-1.43.0-linux-x64/jre/21.0.7-linux-x86_64/lib/libinstrument.so
717be2aaa000-717be2aab000 ---p 00000000 00:00 0 
717be2aab000-717be2aac000 r--p 00000000 00:00 0 
717be2aac000-717be2ac5000 r-xp 00000000 08:06 12857798                   /home/herton/.vscode/extensions/redhat.java-1.43.0-linux-x64/jre/21.0.7-linux-x86_64/lib/libjli.so
717be2ac5000-717be2ac6000 r--p 00018000 08:06 12857798                   /home/herton/.vscode/extensions/redhat.java-1.43.0-linux-x64/jre/21.0.7-linux-x86_64/lib/libjli.so
717be2ac6000-717be2ac7000 rw-p 00019000 08:06 12857798                   /home/herton/.vscode/extensions/redhat.java-1.43.0-linux-x64/jre/21.0.7-linux-x86_64/lib/libjli.so
717be2ac7000-717be2ac9000 rw-p 00000000 00:00 0 
717be2ac9000-717be2acb000 r--p 00000000 08:06 12454080                   /usr/lib/x86_64-linux-gnu/ld-linux-x86-64.so.2
717be2acb000-717be2af5000 r-xp 00002000 08:06 12454080                   /usr/lib/x86_64-linux-gnu/ld-linux-x86-64.so.2
717be2af5000-717be2b00000 r--p 0002c000 08:06 12454080                   /usr/lib/x86_64-linux-gnu/ld-linux-x86-64.so.2
717be2b00000-717be2b01000 ---p 00000000 00:00 0 
717be2b01000-717be2b03000 r--p 00037000 08:06 12454080                   /usr/lib/x86_64-linux-gnu/ld-linux-x86-64.so.2
717be2b03000-717be2b05000 rw-p 00039000 08:06 12454080                   /usr/lib/x86_64-linux-gnu/ld-linux-x86-64.so.2
7fffb6ae4000-7fffb6b06000 rw-p 00000000 00:00 0                          [stack]
7fffb6b58000-7fffb6b5c000 r--p 00000000 00:00 0                          [vvar]
7fffb6b5c000-7fffb6b5e000 r-xp 00000000 00:00 0                          [vdso]
ffffffffff600000-ffffffffff601000 --xp 00000000 00:00 0                  [vsyscall]
Total number of mappings: 288


VM Arguments:
jvm_args: --add-modules=ALL-SYSTEM --add-opens=java.base/java.util=ALL-UNNAMED --add-opens=java.base/java.lang=ALL-UNNAMED --add-opens=java.base/sun.nio.fs=ALL-UNNAMED -Declipse.application=org.eclipse.jdt.ls.core.id1 -Dosgi.bundles.defaultStartLevel=4 -Declipse.product=org.eclipse.jdt.ls.core.product -Djava.import.generatesMetadataFilesAtProjectRoot=false -DDetectVMInstallationsJob.disabled=true -Dfile.encoding=utf8 -XX:+UseParallelGC -XX:GCTimeRatio=4 -XX:AdaptiveSizePolicyWeight=90 -Dsun.zip.disableMemoryMapping=true -Xmx2G -Xms100m -Xlog:disable -javaagent:/home/herton/.vscode/extensions/redhat.java-1.43.0-linux-x64/lombok/lombok-1.18.39-4050.jar 
java_command: /home/herton/.vscode/extensions/redhat.java-1.43.0-linux-x64/server/plugins/org.eclipse.equinox.launcher_1.7.0.v20250519-0528.jar -configuration /home/herton/.config/Code/User/globalStorage/redhat.java/1.43.0/config_ss_linux -data /home/herton/.config/Code/User/workspaceStorage/865fa5a614d2fe68c6aa3495008eeb34/redhat.java/ss_ws --pipe=/run/user/1000/lsp-6368ce41dd2c35ce485a20120f607071.sock
java_class_path (initial): /home/herton/.vscode/extensions/redhat.java-1.43.0-linux-x64/server/plugins/org.eclipse.equinox.launcher_1.7.0.v20250519-0528.jar
Launcher Type: SUN_STANDARD

[Global flags]
    uintx AdaptiveSizePolicyWeight                 = 90                                        {product} {command line}
     intx CICompilerCount                          = 3                                         {product} {ergonomic}
    uintx GCTimeRatio                              = 4                                         {product} {command line}
   size_t InitialHeapSize                          = 104857600                                 {product} {command line}
   size_t MaxHeapSize                              = 2147483648                                {product} {command line}
   size_t MaxNewSize                               = 715653120                                 {product} {ergonomic}
   size_t MinHeapDeltaBytes                        = 524288                                    {product} {ergonomic}
   size_t MinHeapSize                              = 104857600                                 {product} {command line}
   size_t NewSize                                  = 34603008                                  {product} {ergonomic}
    uintx NonNMethodCodeHeapSize                   = 5832780                                {pd product} {ergonomic}
    uintx NonProfiledCodeHeapSize                  = 122912730                              {pd product} {ergonomic}
   size_t OldSize                                  = 70254592                                  {product} {ergonomic}
    uintx ProfiledCodeHeapSize                     = 122912730                              {pd product} {ergonomic}
    uintx ReservedCodeCacheSize                    = 251658240                              {pd product} {ergonomic}
     bool SegmentedCodeCache                       = true                                      {product} {ergonomic}
   size_t SoftMaxHeapSize                          = 2147483648                             {manageable} {ergonomic}
     bool UseCompressedOops                        = true                           {product lp64_product} {ergonomic}
     bool UseParallelGC                            = true                                      {product} {command line}

Logging:
Log output configuration:
 #0: stdout all=off uptime,level,tags foldmultilines=false
 #1: stderr all=off uptime,level,tags foldmultilines=false

Environment Variables:
PATH=/home/herton/miniconda3/bin:/home/herton/miniconda3/condabin:/usr/local/sbin:/usr/local/bin:/usr/sbin:/usr/bin:/sbin:/bin:/usr/games:/usr/local/games:/snap/bin:/snap/bin
USERNAME=herton
SHELL=/usr/bin/zsh
DISPLAY=:0
LANG=en_US.UTF-8
LC_NUMERIC=en_US.UTF-8
LC_TIME=en_US.UTF-8

Active Locale:
LC_ALL=en_US.UTF-8
LC_COLLATE=en_US.UTF-8
LC_CTYPE=en_US.UTF-8
LC_MESSAGES=en_US.UTF-8
LC_MONETARY=en_US.UTF-8
LC_NUMERIC=en_US.UTF-8
LC_TIME=en_US.UTF-8

Signal Handlers:
   SIGSEGV: crash_handler in libjvm.so, mask=11100100010111111101111111111110, flags=SA_RESTART|SA_SIGINFO, unblocked
    SIGBUS: crash_handler in libjvm.so, mask=11100100010111111101111111111110, flags=SA_RESTART|SA_SIGINFO, unblocked
    SIGFPE: crash_handler in libjvm.so, mask=11100100010111111101111111111110, flags=SA_RESTART|SA_SIGINFO, unblocked
   SIGPIPE: javaSignalHandler in libjvm.so, mask=11100100010111111101111111111110, flags=SA_RESTART|SA_SIGINFO, blocked
   SIGXFSZ: javaSignalHandler in libjvm.so, mask=11100100010111111101111111111110, flags=SA_RESTART|SA_SIGINFO, blocked
    SIGILL: crash_handler in libjvm.so, mask=11100100010111111101111111111110, flags=SA_RESTART|SA_SIGINFO, unblocked
   SIGUSR2: SR_handler in libjvm.so, mask=00000000000000000000000000000000, flags=SA_RESTART|SA_SIGINFO, blocked
    SIGHUP: UserHandler in libjvm.so, mask=11100100010111111101111111111110, flags=SA_RESTART|SA_SIGINFO, blocked
    SIGINT: UserHandler in libjvm.so, mask=11100100010111111101111111111110, flags=SA_RESTART|SA_SIGINFO, blocked
   SIGTERM: UserHandler in libjvm.so, mask=11100100010111111101111111111110, flags=SA_RESTART|SA_SIGINFO, blocked
   SIGQUIT: UserHandler in libjvm.so, mask=11100100010111111101111111111110, flags=SA_RESTART|SA_SIGINFO, blocked
   SIGTRAP: crash_handler in libjvm.so, mask=11100100010111111101111111111110, flags=SA_RESTART|SA_SIGINFO, unblocked


Periodic native trim disabled

---------------  S Y S T E M  ---------------

OS:
DISTRIB_ID=Ubuntu
DISTRIB_RELEASE=22.04
DISTRIB_CODENAME=jammy
DISTRIB_DESCRIPTION="Ubuntu 22.04.5 LTS"
uname: Linux 6.8.0-60-generic #63~22.04.1-Ubuntu SMP PREEMPT_DYNAMIC Tue Apr 22 19:00:15 UTC 2 x86_64
OS uptime: 2 days 23:29 hours
libc: glibc 2.35 NPTL 2.35 
rlimit (soft/hard): STACK 8192k/infinity , CORE 0k/infinity , NPROC 30943/30943 , NOFILE 1048576/1048576 , AS infinity/infinity , CPU infinity/infinity , DATA infinity/infinity , FSIZE infinity/infinity , MEMLOCK 1000536k/1000536k
load average: 3.18 1.22 1.43

/proc/meminfo:
MemTotal:        8004296 kB
MemFree:          581772 kB
MemAvailable:    3148560 kB
Buffers:          205688 kB
Cached:          3336172 kB
SwapCached:            0 kB
Active:          3574160 kB
Inactive:        2485920 kB
Active(anon):    2586384 kB
Inactive(anon):   762920 kB
Active(file):     987776 kB
Inactive(file):  1723000 kB
Unevictable:      715096 kB
Mlocked:              64 kB
SwapTotal:             0 kB
SwapFree:              0 kB
Zswap:                 0 kB
Zswapped:              0 kB
Dirty:             19080 kB
Writeback:             0 kB
AnonPages:       3233404 kB
Mapped:           710536 kB
Shmem:            831024 kB
KReclaimable:     254312 kB
Slab:             462080 kB
SReclaimable:     254312 kB
SUnreclaim:       207768 kB
KernelStack:       15984 kB
PageTables:        41756 kB
SecPageTables:         0 kB
NFS_Unstable:          0 kB
Bounce:                0 kB
WritebackTmp:          0 kB
CommitLimit:     4002148 kB
Committed_AS:   14470012 kB
VmallocTotal:   34359738367 kB
VmallocUsed:       50516 kB
VmallocChunk:          0 kB
Percpu:             4080 kB
HardwareCorrupted:     0 kB
AnonHugePages:         0 kB
ShmemHugePages:        0 kB
ShmemPmdMapped:        0 kB
FileHugePages:         0 kB
FilePmdMapped:         0 kB
Unaccepted:            0 kB
HugePages_Total:       0
HugePages_Free:        0
HugePages_Rsvd:        0
HugePages_Surp:        0
Hugepagesize:       2048 kB
Hugetlb:               0 kB
DirectMap4k:      192500 kB
DirectMap2M:     7020544 kB
DirectMap1G:     1048576 kB

/sys/kernel/mm/transparent_hugepage/enabled: always [madvise] never
/sys/kernel/mm/transparent_hugepage/hpage_pmd_size: 2097152
/sys/kernel/mm/transparent_hugepage/defrag (defrag/compaction efforts parameter): always defer defer+madvise [madvise] never

Process Memory:
Virtual Size: 5859980K (peak: 5862324K)
Resident Set Size: 289400K (peak: 289400K) (anon: 248120K, file: 41280K, shmem: 0K)
Swapped out: 0K
C-Heap outstanding allocations: 66423K, retained: 49844K
glibc malloc tunables: (default)

/proc/sys/kernel/threads-max (system-wide limit on the number of threads): 61886
/proc/sys/vm/max_map_count (maximum number of memory map areas a process may have): 65530
/proc/sys/vm/swappiness (control to define how aggressively the kernel swaps out anonymous memory): 60
/proc/sys/kernel/pid_max (system-wide limit on number of process identifiers): 4194304

container (cgroup) information:
container_type: cgroupv2
cpu_cpuset_cpus: not supported
cpu_memory_nodes: not supported
active_processor_count: 4
cpu_quota: not supported
cpu_period: not supported
cpu_shares: not supported
memory_limit_in_bytes: unlimited
memory_and_swap_limit_in_bytes: unlimited
memory_soft_limit_in_bytes: unlimited
memory_usage_in_bytes: 1689272 k
memory_max_usage_in_bytes: not supported
memory_swap_current_in_bytes: unlimited
memory_swap_max_limit_in_bytes: unlimited
maximum number of tasks: 9282
current number of tasks: 265

Steal ticks since vm start: 0
Steal ticks percentage since vm start:  0.000

CPU: total 4 (initial active 4) (2 cores per cpu, 2 threads per core) family 6 model 78 stepping 3 microcode 0xcc, cx8, cmov, fxsr, ht, mmx, 3dnowpref, sse, sse2, sse3, ssse3, sse4.1, sse4.2, popcnt, lzcnt, tsc, tscinvbit, avx, avx2, aes, erms, clmul, bmi1, bmi2, adx, fma, vzeroupper, clflush, clflushopt, rdtscp, f16c
CPU Model and flags from /proc/cpuinfo:
model name	: Intel(R) Core(TM) i3-6006U CPU @ 2.00GHz
flags		: fpu vme de pse tsc msr pae mce cx8 apic sep mtrr pge mca cmov pat pse36 clflush dts acpi mmx fxsr sse sse2 ss ht tm pbe syscall nx pdpe1gb rdtscp lm constant_tsc art arch_perfmon pebs bts rep_good nopl xtopology nonstop_tsc cpuid aperfmperf pni pclmulqdq dtes64 monitor ds_cpl vmx est tm2 ssse3 sdbg fma cx16 xtpr pdcm pcid sse4_1 sse4_2 x2apic movbe popcnt tsc_deadline_timer aes xsave avx f16c rdrand lahf_lm abm 3dnowprefetch cpuid_fault epb pti ssbd ibrs ibpb stibp tpr_shadow flexpriority ept vpid ept_ad fsgsbase tsc_adjust bmi1 avx2 smep bmi2 erms invpcid mpx rdseed adx smap clflushopt intel_pt xsaveopt xsavec xgetbv1 xsaves dtherm arat pln pts hwp hwp_notify hwp_act_window hwp_epp vnmi md_clear flush_l1d

Online cpus: 0-3
Offline cpus: 
BIOS frequency limitation: <Not Available>
Frequency switch latency (ns): 0
Available cpu frequencies: <Not Available>
Current governor: powersave
Core performance/turbo boost: <Not Available>

Memory: 4k page, physical 8004296k(3148560k free), swap 0k(0k free)
Page Sizes: 4k

vm_info: OpenJDK 64-Bit Server VM (21.0.7+6-LTS) for linux-amd64 JRE (21.0.7+6-LTS), built on 2025-04-15T00:00:00Z by "admin" with gcc 11.3.0

END.
